#
# A fatal error has been detected by the Java Runtime Environment:
#
#  SIGSEGV (0xb) at pc=0x00007ff805d7521d, pid=42594, tid=259
#
# JRE version: Java(TM) SE Runtime Environment (22.0+36) (build 22+36-2370)
# Java VM: Java HotSpot(TM) 64-Bit Server VM (22+36-2370, mixed mode, sharing, tiered, compressed oops, compressed class ptrs, g1 gc, bsd-amd64)
# Problematic frame:
# C  [libobjc.A.dylib+0x721d]  objc_msgSend+0x1d
#
# No core dump will be written. Core dumps have been disabled. To enable core dumping, try "ulimit -c unlimited" before starting Java again
#
# If you would like to submit a bug report, please visit:
#   https://bugreport.java.com/bugreport/crash.jsp
# The crash happened outside the Java Virtual Machine in native code.
# See problematic frame for where to report the bug.
#

---------------  S U M M A R Y ------------

Command Line: -Dfile.encoding=UTF-8 --module-path=/Users/caubanh/NetBeansProjects/bank management system/build/classes bank.management.system.SignupThree

Host: "MacBookPro12,1" x86_64 2700 MHz, 4 cores, 8G, Darwin 21.6.0, macOS 12.7.4 (21H1123)
Time: Thu Mar 28 12:44:14 2024 AWST elapsed time: 1.397464 seconds (0d 0h 0m 1s)

---------------  T H R E A D  ---------------

Current thread (0x00007fa7d0019800):  JavaThread "AppKit Thread" daemon [_thread_in_native, id=259, stack(0x00007ff7bcf3e000,0x00007ff7bd73e000) (8192K)]

Stack: [0x00007ff7bcf3e000,0x00007ff7bd73e000],  sp=0x00007ff7bd737f78,  free space=8167k
Native frames: (J=compiled Java code, j=interpreted, Vv=VM code, C=native code)
C  [libobjc.A.dylib+0x721d]  objc_msgSend+0x1d
j  sun.java2d.metal.MTLLayer.blitTexture(J)V+0 java.desktop@22
j  sun.java2d.metal.MTLLayer.lambda$drawInMTLContext$4(J)V+1 java.desktop@22
j  sun.java2d.metal.MTLLayer$$Lambda+0x00000001250e8810.run(J)V+1 java.desktop@22
j  sun.lwawt.macosx.CFRetainedResource.execute(Lsun/lwawt/macosx/CFRetainedResource$CFNativeAction;)V+23 java.desktop@22
j  sun.java2d.metal.MTLLayer.drawInMTLContext()V+14 java.desktop@22
v  ~StubRoutines::call_stub 0x000000011b8b6cc6
V  [libjvm.dylib+0x589f8f]  JavaCalls::call_helper(JavaValue*, methodHandle const&, JavaCallArguments*, JavaThread*)+0x2cf
V  [libjvm.dylib+0x5f8622]  jni_invoke_nonstatic(JNIEnv_*, JavaValue*, _jobject*, JNICallType, _jmethodID*, JNI_ArgumentPusher*, JavaThread*)+0x3e2
V  [libjvm.dylib+0x5fd32b]  jni_CallVoidMethod+0x17b
C  [libawt_lwawt.dylib+0x75b06]  -[MTLLayer blitCallback]+0x296
C  [libawt_lwawt.dylib+0x75c3f]  -[MTLLayer display]+0x5f
C  [QuartzCore+0x2162b]  CA::Layer::display_if_needed(CA::Transaction*)+0x369
C  [QuartzCore+0x178f86]  CA::Context::commit_transaction(CA::Transaction*, double, double*)+0x280
C  [QuartzCore+0x2a89]  CA::Transaction::commit()+0x309
C  [AppKit+0x1aad71]  __62+[CATransaction(NSCATransaction) NS_setFlushesWithDisplayLink]_block_invoke+0x11d
C  [AppKit+0x8f2d3c]  ___NSRunLoopObserverCreateWithHandler_block_invoke+0x29
C  [CoreFoundation+0x7f450]  __CFRUNLOOP_IS_CALLING_OUT_TO_AN_OBSERVER_CALLBACK_FUNCTION__+0x17
C  [CoreFoundation+0x7f2e2]  __CFRunLoopDoObservers+0x21f
C  [CoreFoundation+0x7e774]  __CFRunLoopRun+0x348
C  [CoreFoundation+0x7dd6c]  CFRunLoopRunSpecific+0x232
C  [HIToolbox+0x2e5e6]  RunCurrentEventLoopInMode+0x124
C  [HIToolbox+0x2e34a]  ReceiveNextEventCommon+0x252
C  [HIToolbox+0x2e0e5]  _BlockUntilNextEventMatchingListInModeWithFilter+0x46
C  [AppKit+0x3eaa9]  _DPSNextEvent+0x39f
C  [AppKit+0x3d166]  -[NSApplication(NSEvent) _nextEventMatchingEventMask:untilDate:inMode:dequeue:]+0x572
C  [libosxapp.dylib+0x41fa]  -[NSApplicationAWT nextEventMatchingMask:untilDate:inMode:dequeue:]+0x7a
C  [AppKit+0x2f818]  -[NSApplication run]+0x24a
C  [libosxapp.dylib+0x3fc0]  +[NSApplicationAWT runAWTLoopWithApp:]+0xa0
C  [libawt_lwawt.dylib+0x6e077]  +[AWTStarter starter:headless:]+0x1d7
C  [libosxapp.dylib+0x5ccf]  +[ThreadUtilities invokeBlockCopy:]+0xf
C  [Foundation+0x814f7]  __NSThreadPerformPerform+0xb3
C  [CoreFoundation+0x800ab]  __CFRUNLOOP_IS_CALLING_OUT_TO_A_SOURCE0_PERFORM_FUNCTION__+0x11
C  [CoreFoundation+0x80013]  __CFRunLoopDoSource0+0xb4
C  [CoreFoundation+0x7fd8d]  __CFRunLoopDoSources0+0xf2
C  [CoreFoundation+0x7e7a8]  __CFRunLoopRun+0x37c
C  [CoreFoundation+0x7dd6c]  CFRunLoopRunSpecific+0x232
C  [libjli.dylib+0x6f72]  CreateExecutionEnvironment+0x182
C  [libjli.dylib+0x272f]  JLI_Launch+0x53f
C  [java+0x3c1b]  main+0x17b
C  0x000000010c0b252e
Java frames: (J=compiled Java code, j=interpreted, Vv=VM code)
j  sun.java2d.metal.MTLLayer.blitTexture(J)V+0 java.desktop@22
j  sun.java2d.metal.MTLLayer.lambda$drawInMTLContext$4(J)V+1 java.desktop@22
j  sun.java2d.metal.MTLLayer$$Lambda+0x00000001250e8810.run(J)V+1 java.desktop@22
j  sun.lwawt.macosx.CFRetainedResource.execute(Lsun/lwawt/macosx/CFRetainedResource$CFNativeAction;)V+23 java.desktop@22
j  sun.java2d.metal.MTLLayer.drawInMTLContext()V+14 java.desktop@22
v  ~StubRoutines::call_stub 0x000000011b8b6cc6

siginfo: si_signo: 11 (SIGSEGV), si_code: 1 (SEGV_MAPERR), si_addr: 0x0000000700000040

Registers:
RAX=0x00007fa7ce978400, RBX=0x00006000017681c0, RCX=0x00007fa7ce00a0c8, RDX=0x0000000000000000
RSP=0x00007ff7bd737f78, RBP=0x00007ff7bd7380b0, RSI=0x00007ff82036a267, RDI=0x00007fa7ce978400
R8 =0x00007fa7ce00a038, R9 =0xfffeffffffffffff, R10=0x0000000700000028, R11=0x00007ff82036a267
R12=0x00007ff8203b3a09, R13=0x00007fa7ce00a0c0, R14=0x00007ff805d75200, R15=0x00007ff82035ef9a
RIP=0x00007ff805d7521d, EFLAGS=0x0000000000010206, ERR=0x0000000000000004
  TRAPNO=0x000000000000000e


Register to memory mapping:

RAX=0x00007fa7ce978400 points into unknown readable memory: 0x0000000700000029 | 29 00 00 00 07 00 00 00
RBX=0x00006000017681c0 points into unknown readable memory: 0x013d80010391beb1 | b1 be 91 03 01 80 3d 01
RCX=0x00007fa7ce00a0c8 points into unknown readable memory: 0xa3a3a3a3a3a3a3a3 | a3 a3 a3 a3 a3 a3 a3 a3
RDX=0x0 is null
RSP=0x00007ff7bd737f78 is pointing into the stack for thread: 0x00007fa7d0019800
RBP=0x00007ff7bd7380b0 is pointing into the stack for thread: 0x00007fa7d0019800
RSI=0x00007ff82036a267: <offset 0x1a5fc267> in /usr/lib/libobjc.A.dylib at 0x00007ff805d6e000
RDI=0x00007fa7ce978400 points into unknown readable memory: 0x0000000700000029 | 29 00 00 00 07 00 00 00
R8 =0x00007fa7ce00a038 points into unknown readable memory: 0x0000000000000000 | 00 00 00 00 00 00 00 00
R9 =0xfffeffffffffffff is an unknown value
R10=0x0000000700000028 is an unknown value
R11=0x00007ff82036a267: <offset 0x1a5fc267> in /usr/lib/libobjc.A.dylib at 0x00007ff805d6e000
R12=0x00007ff8203b3a09: <offset 0x1a645a09> in /usr/lib/libobjc.A.dylib at 0x00007ff805d6e000
R13=0x00007fa7ce00a0c0 points into unknown readable memory: 0x0000000000000000 | 00 00 00 00 00 00 00 00
R14=0x00007ff805d75200: objc_msgSend+0 in /usr/lib/libobjc.A.dylib at 0x00007ff805d6e000
R15=0x00007ff82035ef9a: <offset 0x1a5f0f9a> in /usr/lib/libobjc.A.dylib at 0x00007ff805d6e000

Top of Stack: (sp=0x00007ff7bd737f78)
0x00007ff7bd737f78:   00000001038bb3c1 00007ff7bd737fe0
0x00007ff7bd737f88:   0000600003c695e0 0000000000000001
0x00007ff7bd737f98:   0000600000d617c0 0000000000000006
0x00007ff7bd737fa8:   0000600003c7d7a0 ef90a187869b0014
0x00007ff7bd737fb8:   000000016539b880 0000000000000000
0x00007ff7bd737fc8:   000000016539b880 00007ff7bd738140
0x00007ff7bd737fd8:   00007fa7d0019800 00007ff7bd7380b0
0x00007ff7bd737fe8:   00007ff805d75d9b 000000010391beb0
0x00007ff7bd737ff8:   0000000000000030 000000016539b880
0x00007ff7bd738008:   0000000103917798 00006000017681c0
0x00007ff7bd738018:   00000001038fae26 00006000017681c0
0x00007ff7bd738028:   00007ff805d75200 00007fa7cdf08c10
0x00007ff7bd738038:   00007fa7cdf08fe8 757478655474696c
0x00007ff7bd738048:   0000000000006572 0000000a0000000a
0x00007ff7bd738058:   0000000a0000000a 0000000500000005
0x00007ff7bd738068:   0000000500000005 0000000000000000
0x00007ff7bd738078:   0000000000000000 0000000100000001
0x00007ff7bd738088:   000000016539b880 0000000000000000
0x00007ff7bd738098:   000000016539b880 00007ff7bd738140
0x00007ff7bd7380a8:   00007fa7d0019800 00007ff7bd738118
0x00007ff7bd7380b8:   000000011b8c2b3c 00007ff7bd738100
0x00007ff7bd7380c8:   000000011b8c27db fffffffffffffff7
0x00007ff7bd7380d8:   000000016539b880 0000000000000005
0x00007ff7bd7380e8:   000000016539d460 0000000000000000
0x00007ff7bd7380f8:   0000000787bca8d0 000000016539b880
0x00007ff7bd738108:   0000000000000000 00007ff7bd738138
0x00007ff7bd738118:   00007ff7bd738190 000000011b8be411
0x00007ff7bd738128:   0000000787bca8d0 000000011b8c0117
0x00007ff7bd738138:   00006000017681c0 0000000000000000
0x00007ff7bd738148:   fffffffffffffff7 000000016539c079
0x00007ff7bd738158:   0000000000000003 000000016539d460
0x00007ff7bd738168:   0000000000000000 0000000787bca8d0 

Instructions: (pc=0x00007ff805d7521d)
0x00007ff805d7511d:   90 90 90 90 90 90 90 90 90 90 90 90 90 90 90 90
0x00007ff805d7512d:   90 90 90 90 90 90 90 90 90 90 90 90 90 90 90 90
0x00007ff805d7513d:   90 90 90 31 c0 31 d2 0f 57 c0 0f 57 c9 c3 90 d9
0x00007ff805d7514d:   ee 31 c0 31 d2 0f 57 c0 0f 57 c9 c3 0f 1f 00 d9
0x00007ff805d7515d:   ee d9 ee 31 c0 31 d2 0f 57 c0 0f 57 c9 c3 90 48
0x00007ff805d7516d:   89 f8 c3 49 89 fa 49 89 f3 45 23 5a 18 49 c1 e3
0x00007ff805d7517d:   04 4d 03 5a 10 49 3b 33 75 0e 49 8b 43 08 48 83
0x00007ff805d7518d:   f8 00 74 03 4c 31 d0 c3 49 83 3b 01 76 17 49 83
0x00007ff805d7519d:   c3 10 49 3b 33 75 f1 49 8b 43 08 48 83 f8 00 74
0x00007ff805d751ad:   03 4c 31 d0 c3 72 25 4d 8b 5b 08 eb 0a 49 83 3b
0x00007ff805d751bd:   01 76 17 49 83 c3 10 49 3b 33 75 f1 49 8b 43 08
0x00007ff805d751cd:   48 83 f8 00 74 03 4c 31 d0 c3 eb 00 31 c0 c3 66
0x00007ff805d751dd:   66 66 66 66 66 2e 0f 1f 84 00 00 00 00 00 66 66
0x00007ff805d751ed:   66 66 66 66 2e 0f 1f 84 00 00 00 00 00 66 0f 1f
0x00007ff805d751fd:   44 00 00 48 85 ff 2e 74 72 40 f6 c7 01 2e 75 76
0x00007ff805d7520d:   49 ba f8 ff ff ff ff 7f 00 00 4c 23 17 49 89 f3
0x00007ff805d7521d:   45 23 5a 18 49 c1 e3 04 4d 03 5a 10 49 3b 33 75
0x00007ff805d7522d:   0a 4d 8b 5b 08 4d 31 d3 41 ff e3 49 83 3b 01 76
0x00007ff805d7523d:   13 49 83 c3 10 49 3b 33 75 f1 4d 8b 5b 08 4d 31
0x00007ff805d7524d:   d3 41 ff e3 72 70 4d 8b 5b 08 eb 0a 49 83 3b 01
0x00007ff805d7525d:   76 13 49 83 c3 10 49 3b 33 75 f1 4d 8b 5b 08 4d
0x00007ff805d7526d:   31 d3 41 ff e3 eb 4f 0f 1f 40 00 31 c0 31 d2 0f
0x00007ff805d7527d:   57 c0 0f 57 c9 c3 41 89 fb 41 83 e3 0f 4c 8d 15
0x00007ff805d7528d:   2f a1 89 41 4f 8b 14 da 4c 8d 1d fc 9f 89 41 4d
0x00007ff805d7529d:   39 d3 0f 85 75 ff ff ff 41 89 fb 41 c1 eb 04 41
0x00007ff805d752ad:   81 e3 ff 00 00 00 4c 8d 15 86 a1 89 41 4f 8b 14
0x00007ff805d752bd:   da e9 57 ff ff ff e9 88 0a 00 00 66 66 66 66 66
0x00007ff805d752cd:   66 2e 0f 1f 84 00 00 00 00 00 66 66 66 66 66 66
0x00007ff805d752dd:   2e 0f 1f 84 00 00 00 00 00 66 66 66 66 66 66 2e
0x00007ff805d752ed:   0f 1f 84 00 00 00 00 00 66 66 2e 0f 1f 84 00 00
0x00007ff805d752fd:   00 00 00 48 85 ff 2e 74 6a 40 f6 c7 01 2e 75 6b
0x00007ff805d7530d:   49 ba f8 ff ff ff ff 7f 00 00 4c 23 17 49 89 f3 


Stack slot to memory mapping:

stack at sp + 0 slots: 0x00000001038bb3c1: -[MTLLayer blitTexture]+0xc1 in /Library/Java/JavaVirtualMachines/jdk-22.jdk/Contents/Home/lib/libawt_lwawt.dylib at 0x0000000103846000
stack at sp + 1 slots: 0x00007ff7bd737fe0 is pointing into the stack for thread: 0x00007fa7d0019800
stack at sp + 2 slots: 0x0000600003c695e0 points into unknown readable memory: 0x0000000000000000 | 00 00 00 00 00 00 00 00
stack at sp + 3 slots: 0x0000000000000001 is an unknown value
stack at sp + 4 slots: 0x0000600000d617c0 points into unknown readable memory: 0x0000000000000000 | 00 00 00 00 00 00 00 00
stack at sp + 5 slots: 0x0000000000000006 is an unknown value
stack at sp + 6 slots: 0x0000600003c7d7a0 points into unknown readable memory: 0x0000600003c695e0 | e0 95 c6 03 00 60 00 00
stack at sp + 7 slots: 0xef90a187869b0014 is an unknown value


---------------  P R O C E S S  ---------------

Threads class SMR info:
_java_thread_list=0x0000600003c276c0, length=15, elements={
0x00007fa7ce808a00, 0x00007fa7ce00e400, 0x00007fa7ce00c000, 0x00007fa7ce00ec00,
0x00007fa7ce00f400, 0x00007fa7ce00fc00, 0x00007fa7ce047800, 0x00007fa7ce048000,
0x00007fa7ce869e00, 0x00007fa7ce03f600, 0x00007fa7d0019800, 0x00007fa7ce936400,
0x00007fa7ce943200, 0x00007fa7ce189e00, 0x00007fa7ce95cc00
}

Java Threads: ( => current thread )
  0x00007fa7ce808a00 JavaThread "main"                              [_thread_in_native, id=9987, stack(0x000070000cbc6000,0x000070000ccc6000) (1024K)]
  0x00007fa7ce00e400 JavaThread "Reference Handler"          daemon [_thread_blocked, id=40195, stack(0x000070000d567000,0x000070000d667000) (1024K)]
  0x00007fa7ce00c000 JavaThread "Finalizer"                  daemon [_thread_blocked, id=24067, stack(0x000070000d66a000,0x000070000d76a000) (1024K)]
  0x00007fa7ce00ec00 JavaThread "Signal Dispatcher"          daemon [_thread_blocked, id=39683, stack(0x000070000d76d000,0x000070000d86d000) (1024K)]
  0x00007fa7ce00f400 JavaThread "Service Thread"             daemon [_thread_blocked, id=39427, stack(0x000070000d870000,0x000070000d970000) (1024K)]
  0x00007fa7ce00fc00 JavaThread "Monitor Deflation Thread"   daemon [_thread_blocked, id=24835, stack(0x000070000d973000,0x000070000da73000) (1024K)]
  0x00007fa7ce047800 JavaThread "C2 CompilerThread0"         daemon [_thread_blocked, id=38915, stack(0x000070000da76000,0x000070000db76000) (1024K)]
  0x00007fa7ce048000 JavaThread "C1 CompilerThread0"         daemon [_thread_blocked, id=38403, stack(0x000070000db79000,0x000070000dc79000) (1024K)]
  0x00007fa7ce869e00 JavaThread "Common-Cleaner"             daemon [_thread_blocked, id=25091, stack(0x000070000dc7c000,0x000070000dd7c000) (1024K)]
  0x00007fa7ce03f600 JavaThread "Notification Thread"        daemon [_thread_blocked, id=25603, stack(0x000070000dd7f000,0x000070000de7f000) (1024K)]
=>0x00007fa7d0019800 JavaThread "AppKit Thread"              daemon [_thread_in_native, id=259, stack(0x00007ff7bcf3e000,0x00007ff7bd73e000) (8192K)]
  0x00007fa7ce936400 JavaThread "AWT-Shutdown"                      [_thread_blocked, id=86787, stack(0x000070000de82000,0x000070000df82000) (1024K)]
  0x00007fa7ce943200 JavaThread "Java2D Queue Flusher"       daemon [_thread_blocked, id=56583, stack(0x000070000e10e000,0x000070000e20e000) (1024K)]
  0x00007fa7ce189e00 JavaThread "Java2D Disposer"            daemon [_thread_blocked, id=75779, stack(0x000070000e211000,0x000070000e311000) (1024K)]
  0x00007fa7ce95cc00 JavaThread "AWT-EventQueue-0"                  [_thread_blocked, id=68871, stack(0x000070000e314000,0x000070000e414000) (1024K)]
Total: 15

Other Threads:
  0x00007fa7cf305440 VMThread "VM Thread"                           [id=17923, stack(0x000070000d2db000,0x000070000d3db000) (1024K)]
  0x00007fa7cf108190 WatcherThread "VM Periodic Task Thread"        [id=14851, stack(0x000070000d1d8000,0x000070000d2d8000) (1024K)]
  0x00007fa7cf105300 WorkerThread "GC Thread#0"                     [id=20483, stack(0x000070000ccc9000,0x000070000cdc9000) (1024K)]
  0x00007fa7cf105aa0 ConcurrentGCThread "G1 Main Marker"            [id=13059, stack(0x000070000cdcc000,0x000070000cecc000) (1024K)]
  0x00007fa7cf106420 WorkerThread "G1 Conc#0"                       [id=13827, stack(0x000070000cecf000,0x000070000cfcf000) (1024K)]
  0x00007fa7ce85e000 ConcurrentGCThread "G1 Refine#0"               [id=14083, stack(0x000070000cfd2000,0x000070000d0d2000) (1024K)]
  0x00007fa7cf0055f0 ConcurrentGCThread "G1 Service"                [id=19459, stack(0x000070000d0d5000,0x000070000d1d5000) (1024K)]
Total: 7

Threads with active compile tasks:
Total: 0

VM state: not at safepoint (normal execution)

VM Mutex/Monitor currently owned by a thread: None

Heap address: 0x0000000780000000, size: 2048 MB, Compressed Oops mode: Zero based, Oop shift amount: 3

CDS archive(s) mapped at: [0x0000000124000000-0x0000000124c70000-0x0000000124c70000), size 13041664, SharedBaseAddress: 0x0000000124000000, ArchiveRelocationMode: 1.
Compressed class space mapped at: 0x0000000125000000-0x0000000165000000, reserved size: 1073741824
Narrow klass base: 0x0000000124000000, Narrow klass shift: 0, Narrow klass range: 0x100000000

GC Precious Log:
 CardTable entry size: 512
 Card Set container configuration: InlinePtr #cards 5 size 8 Array Of Cards #cards 12 size 40 Howl #buckets 4 coarsen threshold 1843 Howl Bitmap #cards 512 size 80 coarsen threshold 460 Card regions per heap region 1 cards per card region 2048
 CPUs: 4 total, 4 available
 Memory: 8192M
 Large Page Support: Disabled
 NUMA Support: Disabled
 Compressed Oops: Enabled (Zero based)
 Heap Region Size: 1M
 Heap Min Capacity: 8M
 Heap Initial Capacity: 128M
 Heap Max Capacity: 2G
 Pre-touch: Disabled
 Parallel Workers: 4
 Concurrent Workers: 1
 Concurrent Refinement Workers: 4
 Periodic GC: Disabled

Heap:
 garbage-first heap   total reserved 2097152K, committed 133120K, used 6161K [0x0000000780000000, 0x0000000800000000)
  region size 1024K, 6 young (6144K), 0 survivors (0K)
 Metaspace       used 5680K, committed 5888K, reserved 1114112K
  class space    used 654K, committed 768K, reserved 1048576K

Heap Regions: E=young(eden), S=young(survivor), O=old, HS=humongous(starts), HC=humongous(continues), CS=collection set, F=free, TAMS=top-at-mark-start, PB=parsable bottom
|   0|0x0000000780000000, 0x0000000780000000, 0x0000000780100000|  0%| F|  |TAMS 0x0000000780000000| PB 0x0000000780000000| Untracked |  0
|   1|0x0000000780100000, 0x0000000780100000, 0x0000000780200000|  0%| F|  |TAMS 0x0000000780100000| PB 0x0000000780100000| Untracked |  0
|   2|0x0000000780200000, 0x0000000780200000, 0x0000000780300000|  0%| F|  |TAMS 0x0000000780200000| PB 0x0000000780200000| Untracked |  0
|   3|0x0000000780300000, 0x0000000780300000, 0x0000000780400000|  0%| F|  |TAMS 0x0000000780300000| PB 0x0000000780300000| Untracked |  0
|   4|0x0000000780400000, 0x0000000780400000, 0x0000000780500000|  0%| F|  |TAMS 0x0000000780400000| PB 0x0000000780400000| Untracked |  0
|   5|0x0000000780500000, 0x0000000780500000, 0x0000000780600000|  0%| F|  |TAMS 0x0000000780500000| PB 0x0000000780500000| Untracked |  0
|   6|0x0000000780600000, 0x0000000780600000, 0x0000000780700000|  0%| F|  |TAMS 0x0000000780600000| PB 0x0000000780600000| Untracked |  0
|   7|0x0000000780700000, 0x0000000780700000, 0x0000000780800000|  0%| F|  |TAMS 0x0000000780700000| PB 0x0000000780700000| Untracked |  0
|   8|0x0000000780800000, 0x0000000780800000, 0x0000000780900000|  0%| F|  |TAMS 0x0000000780800000| PB 0x0000000780800000| Untracked |  0
|   9|0x0000000780900000, 0x0000000780900000, 0x0000000780a00000|  0%| F|  |TAMS 0x0000000780900000| PB 0x0000000780900000| Untracked |  0
|  10|0x0000000780a00000, 0x0000000780a00000, 0x0000000780b00000|  0%| F|  |TAMS 0x0000000780a00000| PB 0x0000000780a00000| Untracked |  0
|  11|0x0000000780b00000, 0x0000000780b00000, 0x0000000780c00000|  0%| F|  |TAMS 0x0000000780b00000| PB 0x0000000780b00000| Untracked |  0
|  12|0x0000000780c00000, 0x0000000780c00000, 0x0000000780d00000|  0%| F|  |TAMS 0x0000000780c00000| PB 0x0000000780c00000| Untracked |  0
|  13|0x0000000780d00000, 0x0000000780d00000, 0x0000000780e00000|  0%| F|  |TAMS 0x0000000780d00000| PB 0x0000000780d00000| Untracked |  0
|  14|0x0000000780e00000, 0x0000000780e00000, 0x0000000780f00000|  0%| F|  |TAMS 0x0000000780e00000| PB 0x0000000780e00000| Untracked |  0
|  15|0x0000000780f00000, 0x0000000780f00000, 0x0000000781000000|  0%| F|  |TAMS 0x0000000780f00000| PB 0x0000000780f00000| Untracked |  0
|  16|0x0000000781000000, 0x0000000781000000, 0x0000000781100000|  0%| F|  |TAMS 0x0000000781000000| PB 0x0000000781000000| Untracked |  0
|  17|0x0000000781100000, 0x0000000781100000, 0x0000000781200000|  0%| F|  |TAMS 0x0000000781100000| PB 0x0000000781100000| Untracked |  0
|  18|0x0000000781200000, 0x0000000781200000, 0x0000000781300000|  0%| F|  |TAMS 0x0000000781200000| PB 0x0000000781200000| Untracked |  0
|  19|0x0000000781300000, 0x0000000781300000, 0x0000000781400000|  0%| F|  |TAMS 0x0000000781300000| PB 0x0000000781300000| Untracked |  0
|  20|0x0000000781400000, 0x0000000781400000, 0x0000000781500000|  0%| F|  |TAMS 0x0000000781400000| PB 0x0000000781400000| Untracked |  0
|  21|0x0000000781500000, 0x0000000781500000, 0x0000000781600000|  0%| F|  |TAMS 0x0000000781500000| PB 0x0000000781500000| Untracked |  0
|  22|0x0000000781600000, 0x0000000781600000, 0x0000000781700000|  0%| F|  |TAMS 0x0000000781600000| PB 0x0000000781600000| Untracked |  0
|  23|0x0000000781700000, 0x0000000781700000, 0x0000000781800000|  0%| F|  |TAMS 0x0000000781700000| PB 0x0000000781700000| Untracked |  0
|  24|0x0000000781800000, 0x0000000781800000, 0x0000000781900000|  0%| F|  |TAMS 0x0000000781800000| PB 0x0000000781800000| Untracked |  0
|  25|0x0000000781900000, 0x0000000781900000, 0x0000000781a00000|  0%| F|  |TAMS 0x0000000781900000| PB 0x0000000781900000| Untracked |  0
|  26|0x0000000781a00000, 0x0000000781a00000, 0x0000000781b00000|  0%| F|  |TAMS 0x0000000781a00000| PB 0x0000000781a00000| Untracked |  0
|  27|0x0000000781b00000, 0x0000000781b00000, 0x0000000781c00000|  0%| F|  |TAMS 0x0000000781b00000| PB 0x0000000781b00000| Untracked |  0
|  28|0x0000000781c00000, 0x0000000781c00000, 0x0000000781d00000|  0%| F|  |TAMS 0x0000000781c00000| PB 0x0000000781c00000| Untracked |  0
|  29|0x0000000781d00000, 0x0000000781d00000, 0x0000000781e00000|  0%| F|  |TAMS 0x0000000781d00000| PB 0x0000000781d00000| Untracked |  0
|  30|0x0000000781e00000, 0x0000000781e00000, 0x0000000781f00000|  0%| F|  |TAMS 0x0000000781e00000| PB 0x0000000781e00000| Untracked |  0
|  31|0x0000000781f00000, 0x0000000781f00000, 0x0000000782000000|  0%| F|  |TAMS 0x0000000781f00000| PB 0x0000000781f00000| Untracked |  0
|  32|0x0000000782000000, 0x0000000782000000, 0x0000000782100000|  0%| F|  |TAMS 0x0000000782000000| PB 0x0000000782000000| Untracked |  0
|  33|0x0000000782100000, 0x0000000782100000, 0x0000000782200000|  0%| F|  |TAMS 0x0000000782100000| PB 0x0000000782100000| Untracked |  0
|  34|0x0000000782200000, 0x0000000782200000, 0x0000000782300000|  0%| F|  |TAMS 0x0000000782200000| PB 0x0000000782200000| Untracked |  0
|  35|0x0000000782300000, 0x0000000782300000, 0x0000000782400000|  0%| F|  |TAMS 0x0000000782300000| PB 0x0000000782300000| Untracked |  0
|  36|0x0000000782400000, 0x0000000782400000, 0x0000000782500000|  0%| F|  |TAMS 0x0000000782400000| PB 0x0000000782400000| Untracked |  0
|  37|0x0000000782500000, 0x0000000782500000, 0x0000000782600000|  0%| F|  |TAMS 0x0000000782500000| PB 0x0000000782500000| Untracked |  0
|  38|0x0000000782600000, 0x0000000782600000, 0x0000000782700000|  0%| F|  |TAMS 0x0000000782600000| PB 0x0000000782600000| Untracked |  0
|  39|0x0000000782700000, 0x0000000782700000, 0x0000000782800000|  0%| F|  |TAMS 0x0000000782700000| PB 0x0000000782700000| Untracked |  0
|  40|0x0000000782800000, 0x0000000782800000, 0x0000000782900000|  0%| F|  |TAMS 0x0000000782800000| PB 0x0000000782800000| Untracked |  0
|  41|0x0000000782900000, 0x0000000782900000, 0x0000000782a00000|  0%| F|  |TAMS 0x0000000782900000| PB 0x0000000782900000| Untracked |  0
|  42|0x0000000782a00000, 0x0000000782a00000, 0x0000000782b00000|  0%| F|  |TAMS 0x0000000782a00000| PB 0x0000000782a00000| Untracked |  0
|  43|0x0000000782b00000, 0x0000000782b00000, 0x0000000782c00000|  0%| F|  |TAMS 0x0000000782b00000| PB 0x0000000782b00000| Untracked |  0
|  44|0x0000000782c00000, 0x0000000782c00000, 0x0000000782d00000|  0%| F|  |TAMS 0x0000000782c00000| PB 0x0000000782c00000| Untracked |  0
|  45|0x0000000782d00000, 0x0000000782d00000, 0x0000000782e00000|  0%| F|  |TAMS 0x0000000782d00000| PB 0x0000000782d00000| Untracked |  0
|  46|0x0000000782e00000, 0x0000000782e00000, 0x0000000782f00000|  0%| F|  |TAMS 0x0000000782e00000| PB 0x0000000782e00000| Untracked |  0
|  47|0x0000000782f00000, 0x0000000782f00000, 0x0000000783000000|  0%| F|  |TAMS 0x0000000782f00000| PB 0x0000000782f00000| Untracked |  0
|  48|0x0000000783000000, 0x0000000783000000, 0x0000000783100000|  0%| F|  |TAMS 0x0000000783000000| PB 0x0000000783000000| Untracked |  0
|  49|0x0000000783100000, 0x0000000783100000, 0x0000000783200000|  0%| F|  |TAMS 0x0000000783100000| PB 0x0000000783100000| Untracked |  0
|  50|0x0000000783200000, 0x0000000783200000, 0x0000000783300000|  0%| F|  |TAMS 0x0000000783200000| PB 0x0000000783200000| Untracked |  0
|  51|0x0000000783300000, 0x0000000783300000, 0x0000000783400000|  0%| F|  |TAMS 0x0000000783300000| PB 0x0000000783300000| Untracked |  0
|  52|0x0000000783400000, 0x0000000783400000, 0x0000000783500000|  0%| F|  |TAMS 0x0000000783400000| PB 0x0000000783400000| Untracked |  0
|  53|0x0000000783500000, 0x0000000783500000, 0x0000000783600000|  0%| F|  |TAMS 0x0000000783500000| PB 0x0000000783500000| Untracked |  0
|  54|0x0000000783600000, 0x0000000783600000, 0x0000000783700000|  0%| F|  |TAMS 0x0000000783600000| PB 0x0000000783600000| Untracked |  0
|  55|0x0000000783700000, 0x0000000783700000, 0x0000000783800000|  0%| F|  |TAMS 0x0000000783700000| PB 0x0000000783700000| Untracked |  0
|  56|0x0000000783800000, 0x0000000783800000, 0x0000000783900000|  0%| F|  |TAMS 0x0000000783800000| PB 0x0000000783800000| Untracked |  0
|  57|0x0000000783900000, 0x0000000783900000, 0x0000000783a00000|  0%| F|  |TAMS 0x0000000783900000| PB 0x0000000783900000| Untracked |  0
|  58|0x0000000783a00000, 0x0000000783a00000, 0x0000000783b00000|  0%| F|  |TAMS 0x0000000783a00000| PB 0x0000000783a00000| Untracked |  0
|  59|0x0000000783b00000, 0x0000000783b00000, 0x0000000783c00000|  0%| F|  |TAMS 0x0000000783b00000| PB 0x0000000783b00000| Untracked |  0
|  60|0x0000000783c00000, 0x0000000783c00000, 0x0000000783d00000|  0%| F|  |TAMS 0x0000000783c00000| PB 0x0000000783c00000| Untracked |  0
|  61|0x0000000783d00000, 0x0000000783d00000, 0x0000000783e00000|  0%| F|  |TAMS 0x0000000783d00000| PB 0x0000000783d00000| Untracked |  0
|  62|0x0000000783e00000, 0x0000000783e00000, 0x0000000783f00000|  0%| F|  |TAMS 0x0000000783e00000| PB 0x0000000783e00000| Untracked |  0
|  63|0x0000000783f00000, 0x0000000783f00000, 0x0000000784000000|  0%| F|  |TAMS 0x0000000783f00000| PB 0x0000000783f00000| Untracked |  0
|  64|0x0000000784000000, 0x0000000784000000, 0x0000000784100000|  0%| F|  |TAMS 0x0000000784000000| PB 0x0000000784000000| Untracked |  0
|  65|0x0000000784100000, 0x0000000784100000, 0x0000000784200000|  0%| F|  |TAMS 0x0000000784100000| PB 0x0000000784100000| Untracked |  0
|  66|0x0000000784200000, 0x0000000784200000, 0x0000000784300000|  0%| F|  |TAMS 0x0000000784200000| PB 0x0000000784200000| Untracked |  0
|  67|0x0000000784300000, 0x0000000784300000, 0x0000000784400000|  0%| F|  |TAMS 0x0000000784300000| PB 0x0000000784300000| Untracked |  0
|  68|0x0000000784400000, 0x0000000784400000, 0x0000000784500000|  0%| F|  |TAMS 0x0000000784400000| PB 0x0000000784400000| Untracked |  0
|  69|0x0000000784500000, 0x0000000784500000, 0x0000000784600000|  0%| F|  |TAMS 0x0000000784500000| PB 0x0000000784500000| Untracked |  0
|  70|0x0000000784600000, 0x0000000784600000, 0x0000000784700000|  0%| F|  |TAMS 0x0000000784600000| PB 0x0000000784600000| Untracked |  0
|  71|0x0000000784700000, 0x0000000784700000, 0x0000000784800000|  0%| F|  |TAMS 0x0000000784700000| PB 0x0000000784700000| Untracked |  0
|  72|0x0000000784800000, 0x0000000784800000, 0x0000000784900000|  0%| F|  |TAMS 0x0000000784800000| PB 0x0000000784800000| Untracked |  0
|  73|0x0000000784900000, 0x0000000784900000, 0x0000000784a00000|  0%| F|  |TAMS 0x0000000784900000| PB 0x0000000784900000| Untracked |  0
|  74|0x0000000784a00000, 0x0000000784a00000, 0x0000000784b00000|  0%| F|  |TAMS 0x0000000784a00000| PB 0x0000000784a00000| Untracked |  0
|  75|0x0000000784b00000, 0x0000000784b00000, 0x0000000784c00000|  0%| F|  |TAMS 0x0000000784b00000| PB 0x0000000784b00000| Untracked |  0
|  76|0x0000000784c00000, 0x0000000784c00000, 0x0000000784d00000|  0%| F|  |TAMS 0x0000000784c00000| PB 0x0000000784c00000| Untracked |  0
|  77|0x0000000784d00000, 0x0000000784d00000, 0x0000000784e00000|  0%| F|  |TAMS 0x0000000784d00000| PB 0x0000000784d00000| Untracked |  0
|  78|0x0000000784e00000, 0x0000000784e00000, 0x0000000784f00000|  0%| F|  |TAMS 0x0000000784e00000| PB 0x0000000784e00000| Untracked |  0
|  79|0x0000000784f00000, 0x0000000784f00000, 0x0000000785000000|  0%| F|  |TAMS 0x0000000784f00000| PB 0x0000000784f00000| Untracked |  0
|  80|0x0000000785000000, 0x0000000785000000, 0x0000000785100000|  0%| F|  |TAMS 0x0000000785000000| PB 0x0000000785000000| Untracked |  0
|  81|0x0000000785100000, 0x0000000785100000, 0x0000000785200000|  0%| F|  |TAMS 0x0000000785100000| PB 0x0000000785100000| Untracked |  0
|  82|0x0000000785200000, 0x0000000785200000, 0x0000000785300000|  0%| F|  |TAMS 0x0000000785200000| PB 0x0000000785200000| Untracked |  0
|  83|0x0000000785300000, 0x0000000785300000, 0x0000000785400000|  0%| F|  |TAMS 0x0000000785300000| PB 0x0000000785300000| Untracked |  0
|  84|0x0000000785400000, 0x0000000785400000, 0x0000000785500000|  0%| F|  |TAMS 0x0000000785400000| PB 0x0000000785400000| Untracked |  0
|  85|0x0000000785500000, 0x0000000785500000, 0x0000000785600000|  0%| F|  |TAMS 0x0000000785500000| PB 0x0000000785500000| Untracked |  0
|  86|0x0000000785600000, 0x0000000785600000, 0x0000000785700000|  0%| F|  |TAMS 0x0000000785600000| PB 0x0000000785600000| Untracked |  0
|  87|0x0000000785700000, 0x0000000785700000, 0x0000000785800000|  0%| F|  |TAMS 0x0000000785700000| PB 0x0000000785700000| Untracked |  0
|  88|0x0000000785800000, 0x0000000785800000, 0x0000000785900000|  0%| F|  |TAMS 0x0000000785800000| PB 0x0000000785800000| Untracked |  0
|  89|0x0000000785900000, 0x0000000785900000, 0x0000000785a00000|  0%| F|  |TAMS 0x0000000785900000| PB 0x0000000785900000| Untracked |  0
|  90|0x0000000785a00000, 0x0000000785a00000, 0x0000000785b00000|  0%| F|  |TAMS 0x0000000785a00000| PB 0x0000000785a00000| Untracked |  0
|  91|0x0000000785b00000, 0x0000000785b00000, 0x0000000785c00000|  0%| F|  |TAMS 0x0000000785b00000| PB 0x0000000785b00000| Untracked |  0
|  92|0x0000000785c00000, 0x0000000785c00000, 0x0000000785d00000|  0%| F|  |TAMS 0x0000000785c00000| PB 0x0000000785c00000| Untracked |  0
|  93|0x0000000785d00000, 0x0000000785d00000, 0x0000000785e00000|  0%| F|  |TAMS 0x0000000785d00000| PB 0x0000000785d00000| Untracked |  0
|  94|0x0000000785e00000, 0x0000000785e00000, 0x0000000785f00000|  0%| F|  |TAMS 0x0000000785e00000| PB 0x0000000785e00000| Untracked |  0
|  95|0x0000000785f00000, 0x0000000785f00000, 0x0000000786000000|  0%| F|  |TAMS 0x0000000785f00000| PB 0x0000000785f00000| Untracked |  0
|  96|0x0000000786000000, 0x0000000786000000, 0x0000000786100000|  0%| F|  |TAMS 0x0000000786000000| PB 0x0000000786000000| Untracked |  0
|  97|0x0000000786100000, 0x0000000786100000, 0x0000000786200000|  0%| F|  |TAMS 0x0000000786100000| PB 0x0000000786100000| Untracked |  0
|  98|0x0000000786200000, 0x0000000786200000, 0x0000000786300000|  0%| F|  |TAMS 0x0000000786200000| PB 0x0000000786200000| Untracked |  0
|  99|0x0000000786300000, 0x0000000786300000, 0x0000000786400000|  0%| F|  |TAMS 0x0000000786300000| PB 0x0000000786300000| Untracked |  0
| 100|0x0000000786400000, 0x0000000786400000, 0x0000000786500000|  0%| F|  |TAMS 0x0000000786400000| PB 0x0000000786400000| Untracked |  0
| 101|0x0000000786500000, 0x0000000786500000, 0x0000000786600000|  0%| F|  |TAMS 0x0000000786500000| PB 0x0000000786500000| Untracked |  0
| 102|0x0000000786600000, 0x0000000786600000, 0x0000000786700000|  0%| F|  |TAMS 0x0000000786600000| PB 0x0000000786600000| Untracked |  0
| 103|0x0000000786700000, 0x0000000786700000, 0x0000000786800000|  0%| F|  |TAMS 0x0000000786700000| PB 0x0000000786700000| Untracked |  0
| 104|0x0000000786800000, 0x0000000786800000, 0x0000000786900000|  0%| F|  |TAMS 0x0000000786800000| PB 0x0000000786800000| Untracked |  0
| 105|0x0000000786900000, 0x0000000786900000, 0x0000000786a00000|  0%| F|  |TAMS 0x0000000786900000| PB 0x0000000786900000| Untracked |  0
| 106|0x0000000786a00000, 0x0000000786a00000, 0x0000000786b00000|  0%| F|  |TAMS 0x0000000786a00000| PB 0x0000000786a00000| Untracked |  0
| 107|0x0000000786b00000, 0x0000000786b00000, 0x0000000786c00000|  0%| F|  |TAMS 0x0000000786b00000| PB 0x0000000786b00000| Untracked |  0
| 108|0x0000000786c00000, 0x0000000786c00000, 0x0000000786d00000|  0%| F|  |TAMS 0x0000000786c00000| PB 0x0000000786c00000| Untracked |  0
| 109|0x0000000786d00000, 0x0000000786d00000, 0x0000000786e00000|  0%| F|  |TAMS 0x0000000786d00000| PB 0x0000000786d00000| Untracked |  0
| 110|0x0000000786e00000, 0x0000000786e00000, 0x0000000786f00000|  0%| F|  |TAMS 0x0000000786e00000| PB 0x0000000786e00000| Untracked |  0
| 111|0x0000000786f00000, 0x0000000786f00000, 0x0000000787000000|  0%| F|  |TAMS 0x0000000786f00000| PB 0x0000000786f00000| Untracked |  0
| 112|0x0000000787000000, 0x0000000787000000, 0x0000000787100000|  0%| F|  |TAMS 0x0000000787000000| PB 0x0000000787000000| Untracked |  0
| 113|0x0000000787100000, 0x0000000787100000, 0x0000000787200000|  0%| F|  |TAMS 0x0000000787100000| PB 0x0000000787100000| Untracked |  0
| 114|0x0000000787200000, 0x0000000787200000, 0x0000000787300000|  0%| F|  |TAMS 0x0000000787200000| PB 0x0000000787200000| Untracked |  0
| 115|0x0000000787300000, 0x0000000787300000, 0x0000000787400000|  0%| F|  |TAMS 0x0000000787300000| PB 0x0000000787300000| Untracked |  0
| 116|0x0000000787400000, 0x0000000787400000, 0x0000000787500000|  0%| F|  |TAMS 0x0000000787400000| PB 0x0000000787400000| Untracked |  0
| 117|0x0000000787500000, 0x0000000787500000, 0x0000000787600000|  0%| F|  |TAMS 0x0000000787500000| PB 0x0000000787500000| Untracked |  0
| 118|0x0000000787600000, 0x0000000787600000, 0x0000000787700000|  0%| F|  |TAMS 0x0000000787600000| PB 0x0000000787600000| Untracked |  0
| 119|0x0000000787700000, 0x0000000787700000, 0x0000000787800000|  0%| F|  |TAMS 0x0000000787700000| PB 0x0000000787700000| Untracked |  0
| 120|0x0000000787800000, 0x0000000787800000, 0x0000000787900000|  0%| F|  |TAMS 0x0000000787800000| PB 0x0000000787800000| Untracked |  0
| 121|0x0000000787900000, 0x0000000787900000, 0x0000000787a00000|  0%| F|  |TAMS 0x0000000787900000| PB 0x0000000787900000| Untracked |  0
| 122|0x0000000787a00000, 0x0000000787ad7510, 0x0000000787b00000| 84%| E|  |TAMS 0x0000000787a00000| PB 0x0000000787a00000| Complete |  0
| 123|0x0000000787b00000, 0x0000000787c00000, 0x0000000787c00000|100%| E|CS|TAMS 0x0000000787b00000| PB 0x0000000787b00000| Complete |  0
| 124|0x0000000787c00000, 0x0000000787d00000, 0x0000000787d00000|100%| E|CS|TAMS 0x0000000787c00000| PB 0x0000000787c00000| Complete |  0
| 125|0x0000000787d00000, 0x0000000787e00000, 0x0000000787e00000|100%| E|CS|TAMS 0x0000000787d00000| PB 0x0000000787d00000| Complete |  0
| 126|0x0000000787e00000, 0x0000000787f00000, 0x0000000787f00000|100%| E|CS|TAMS 0x0000000787e00000| PB 0x0000000787e00000| Complete |  0
| 127|0x0000000787f00000, 0x0000000788000000, 0x0000000788000000|100%| E|CS|TAMS 0x0000000787f00000| PB 0x0000000787f00000| Complete |  0
|2046|0x00000007ffe00000, 0x00000007fff00000, 0x00000007fff00000|100%| O|  |TAMS 0x00000007ffe00000| PB 0x00000007ffe00000| Untracked |  0
|2047|0x00000007fff00000, 0x00000007fff04608, 0x0000000800000000|  1%| O|  |TAMS 0x00000007fff00000| PB 0x00000007fff00000| Untracked |  0

Card table byte_map: [0x0000000102fb2000,0x00000001033b2000] _byte_map_base: 0x00000000ff3b2000

Marking Bits: (CMBitMap*) 0x00007fa7ce01ca10
 Bits: [0x0000000104dbb000, 0x0000000106dbb000)

Polling page: 0x00000001028ed000

Metaspace:

Usage:
  Non-class:      4.91 MB used.
      Class:    654.66 KB used.
       Both:      5.55 MB used.

Virtual space:
  Non-class space:       64.00 MB reserved,       5.00 MB (  8%) committed,  1 nodes.
      Class space:        1.00 GB reserved,     768.00 KB ( <1%) committed,  1 nodes.
             Both:        1.06 GB reserved,       5.75 MB ( <1%) committed. 

Chunk freelists:
   Non-Class:  10.84 MB
       Class:  15.23 MB
        Both:  26.07 MB

MaxMetaspaceSize: unlimited
CompressedClassSpaceSize: 1.00 GB
Initial GC threshold: 21.00 MB
Current GC threshold: 21.00 MB
CDS: on
 - commit_granule_bytes: 65536.
 - commit_granule_words: 8192.
 - virtual_space_node_default_size: 8388608.
 - enlarge_chunks_in_place: 1.
 - use_allocation_guard: 0.


Internal statistics:

num_allocs_failed_limit: 0.
num_arena_births: 168.
num_arena_deaths: 0.
num_vsnodes_births: 2.
num_vsnodes_deaths: 0.
num_space_committed: 92.
num_space_uncommitted: 0.
num_chunks_returned_to_freelist: 0.
num_chunks_taken_from_freelist: 193.
num_chunk_merges: 0.
num_chunk_splits: 123.
num_chunks_enlarged: 61.
num_inconsistent_stats: 0.

CodeHeap 'non-profiled nmethods': size=120032Kb used=200Kb max_used=200Kb free=119831Kb
 bounds [0x000000011be47000, 0x000000011c0b7000, 0x000000012337f000]
CodeHeap 'profiled nmethods': size=120028Kb used=855Kb max_used=855Kb free=119172Kb
 bounds [0x000000011437f000, 0x00000001145ef000, 0x000000011b8b6000]
CodeHeap 'non-nmethods': size=5700Kb used=1507Kb max_used=1521Kb free=4192Kb
 bounds [0x000000011b8b6000, 0x000000011bb26000, 0x000000011be47000]
 total_blobs=1238 nmethods=639 adapters=505
 compilation: enabled
              stopped_count=0, restarted_count=0
 full_count=0

Compilation events (20 events):
Event: 1.331 Thread 0x00007fa7ce048000  614       3       java.lang.invoke.LambdaForm::normalizeNames (270 bytes)
Event: 1.333 Thread 0x00007fa7ce048000 nmethod 614 0x000000011444af90 code [0x000000011444b240, 0x000000011444c3f8]
Event: 1.333 Thread 0x00007fa7ce048000  615       3       jdk.internal.org.objectweb.asm.MethodWriter::visitMaxs (60 bytes)
Event: 1.333 Thread 0x00007fa7ce048000 nmethod 615 0x000000011444c990 code [0x000000011444cb60, 0x000000011444ce10]
Event: 1.333 Thread 0x00007fa7ce048000  616       3       jdk.internal.org.objectweb.asm.MethodWriter::visitEnd (1 bytes)
Event: 1.333 Thread 0x00007fa7ce048000 nmethod 616 0x000000011444cf10 code [0x000000011444d0a0, 0x000000011444d1a0]
Event: 1.333 Thread 0x00007fa7ce048000  617       3       jdk.internal.org.objectweb.asm.MethodWriter::computeMethodInfoSize (571 bytes)
Event: 1.341 Thread 0x00007fa7ce048000 nmethod 617 0x000000011444d210 code [0x000000011444d540, 0x000000011444e3d0]
Event: 1.341 Thread 0x00007fa7ce048000  618       3       jdk.internal.org.objectweb.asm.MethodWriter::hasFrames (13 bytes)
Event: 1.341 Thread 0x00007fa7ce048000 nmethod 618 0x000000011444ea90 code [0x000000011444ec20, 0x000000011444ed78]
Event: 1.341 Thread 0x00007fa7ce048000  619       3       jdk.internal.org.objectweb.asm.MethodWriter::putMethodInfo (1274 bytes)
Event: 1.351 Thread 0x00007fa7ce048000 nmethod 619 0x000000011444ee10 code [0x000000011444f520, 0x0000000114451cd8]
Event: 1.363 Thread 0x00007fa7ce048000  620       3       java.lang.invoke.InnerClassLambdaMetafactory::getOpcodeOffset (38 bytes)
Event: 1.363 Thread 0x00007fa7ce048000 nmethod 620 0x0000000114453010 code [0x00000001144531c0, 0x0000000114453470]
Event: 1.366 Thread 0x00007fa7ce048000  621       1       java.util.concurrent.locks.AbstractQueuedSynchronizer::getState (5 bytes)
Event: 1.366 Thread 0x00007fa7ce048000 nmethod 621 0x000000011be76490 code [0x000000011be76620, 0x000000011be766e0]
Event: 1.383 Thread 0x00007fa7ce048000  625       1       java.util.concurrent.locks.AbstractOwnableSynchronizer::setExclusiveOwnerThread (6 bytes)
Event: 1.384 Thread 0x00007fa7ce048000 nmethod 625 0x000000011be77190 code [0x000000011be77320, 0x000000011be77430]
Event: 1.392 Thread 0x00007fa7ce048000  627       3       java.lang.invoke.LambdaForm::editor (5 bytes)
Event: 1.393 Thread 0x00007fa7ce048000 nmethod 627 0x0000000114453510 code [0x00000001144536c0, 0x00000001144539f8]

GC Heap History (0 events):
No events

Dll operation events (8 events):
Event: 0.019 Loaded shared library /Library/Java/JavaVirtualMachines/jdk-22.jdk/Contents/Home/lib/libjava.dylib
Event: 0.131 Loaded shared library /Library/Java/JavaVirtualMachines/jdk-22.jdk/Contents/Home/lib/libnio.dylib
Event: 0.253 Loaded shared library /Library/Java/JavaVirtualMachines/jdk-22.jdk/Contents/Home/lib/libzip.dylib
Event: 0.278 Loaded shared library /Library/Java/JavaVirtualMachines/jdk-22.jdk/Contents/Home/lib/libjimage.dylib
Event: 0.314 Loaded shared library /Library/Java/JavaVirtualMachines/jdk-22.jdk/Contents/Home/lib/libawt.dylib
Event: 0.325 Loaded shared library /Library/Java/JavaVirtualMachines/jdk-22.jdk/Contents/Home/lib/libawt_lwawt.dylib
Event: 0.463 Loaded shared library /Library/Java/JavaVirtualMachines/jdk-22.jdk/Contents/Home/lib/libfontmanager.dylib
Event: 0.925 Loaded shared library /Library/Java/JavaVirtualMachines/jdk-22.jdk/Contents/Home/lib/libosxui.dylib

Deoptimization events (16 events):
Event: 1.032 Thread 0x00007fa7ce808a00 Uncommon trap: trap_request=0xffffffc6 fr.pc=0x000000011be56150 relative=0x0000000000000a10
Event: 1.032 Thread 0x00007fa7ce808a00 Uncommon trap: reason=bimorphic_or_optimized_type_check action=maybe_recompile pc=0x000000011be56150 method=java.util.HashMap.putVal(ILjava/lang/Object;Ljava/lang/Object;ZZ)Ljava/lang/Object; @ 56 c2
Event: 1.032 Thread 0x00007fa7ce808a00 DEOPT PACKING pc=0x000000011be56150 sp=0x000070000ccc5240
Event: 1.032 Thread 0x00007fa7ce808a00 DEOPT UNPACKING pc=0x000000011b909f99 sp=0x000070000ccc51c8 mode 2
Event: 1.032 Thread 0x00007fa7ce808a00 Uncommon trap: trap_request=0xffffffc6 fr.pc=0x000000011be56204 relative=0x0000000000000ac4
Event: 1.032 Thread 0x00007fa7ce808a00 Uncommon trap: reason=bimorphic_or_optimized_type_check action=maybe_recompile pc=0x000000011be56204 method=java.util.HashMap.putVal(ILjava/lang/Object;Ljava/lang/Object;ZZ)Ljava/lang/Object; @ 152 c2
Event: 1.032 Thread 0x00007fa7ce808a00 DEOPT PACKING pc=0x000000011be56204 sp=0x000070000ccc5240
Event: 1.032 Thread 0x00007fa7ce808a00 DEOPT UNPACKING pc=0x000000011b909f99 sp=0x000070000ccc51d0 mode 2
Event: 1.032 Thread 0x00007fa7ce808a00 Uncommon trap: trap_request=0xffffffc6 fr.pc=0x000000011be56150 relative=0x0000000000000a10
Event: 1.032 Thread 0x00007fa7ce808a00 Uncommon trap: reason=bimorphic_or_optimized_type_check action=maybe_recompile pc=0x000000011be56150 method=java.util.HashMap.putVal(ILjava/lang/Object;Ljava/lang/Object;ZZ)Ljava/lang/Object; @ 56 c2
Event: 1.032 Thread 0x00007fa7ce808a00 DEOPT PACKING pc=0x000000011be56150 sp=0x000070000ccc5240
Event: 1.032 Thread 0x00007fa7ce808a00 DEOPT UNPACKING pc=0x000000011b909f99 sp=0x000070000ccc51c8 mode 2
Event: 1.032 Thread 0x00007fa7ce808a00 Uncommon trap: trap_request=0xffffffc6 fr.pc=0x000000011be56204 relative=0x0000000000000ac4
Event: 1.032 Thread 0x00007fa7ce808a00 Uncommon trap: reason=bimorphic_or_optimized_type_check action=maybe_recompile pc=0x000000011be56204 method=java.util.HashMap.putVal(ILjava/lang/Object;Ljava/lang/Object;ZZ)Ljava/lang/Object; @ 152 c2
Event: 1.032 Thread 0x00007fa7ce808a00 DEOPT PACKING pc=0x000000011be56204 sp=0x000070000ccc5240
Event: 1.032 Thread 0x00007fa7ce808a00 DEOPT UNPACKING pc=0x000000011b909f99 sp=0x000070000ccc51d0 mode 2

Classes loaded (20 events):
Event: 1.336 Loading class sun/java2d/pipe/BufferedPaints
Event: 1.337 Loading class sun/java2d/pipe/BufferedPaints done
Event: 1.366 Loading class java/util/concurrent/locks/ReentrantReadWriteLock$Sync$HoldCounter
Event: 1.366 Loading class java/util/concurrent/locks/ReentrantReadWriteLock$Sync$HoldCounter done
Event: 1.381 Loading class java/awt/peer/LightweightPeer
Event: 1.381 Loading class java/awt/peer/LightweightPeer done
Event: 1.381 Loading class sun/awt/LightweightPeerHolder
Event: 1.381 Loading class sun/awt/LightweightPeerHolder done
Event: 1.381 Loading class sun/awt/NullComponentPeer
Event: 1.382 Loading class java/awt/peer/PanelPeer
Event: 1.382 Loading class java/awt/peer/PanelPeer done
Event: 1.382 Loading class sun/awt/NullComponentPeer done
Event: 1.382 Loading class java/applet/Applet
Event: 1.382 Loading class java/awt/Panel
Event: 1.383 Loading class java/awt/Panel done
Event: 1.383 Loading class java/applet/Applet done
Event: 1.384 Loading class sun/awt/event/IgnorePaintEvent
Event: 1.384 Loading class sun/awt/event/IgnorePaintEvent done
Event: 1.386 Loading class java/awt/geom/Point2D$Double
Event: 1.386 Loading class java/awt/geom/Point2D$Double done

Classes unloaded (0 events):
No events

Classes redefined (0 events):
No events

Internal exceptions (20 events):
Event: 0.215 Thread 0x00007fa7ce808a00 Exception <a 'sun/nio/fs/UnixException'{0x0000000787e27c58}> (0x0000000787e27c58) 
thrown [open/src/hotspot/share/prims/jni.cpp, line 520]
Event: 0.293 Thread 0x00007fa7ce808a00 Exception <a 'java/lang/ClassNotFoundException'{0x0000000787ee5e40}: sun/awt/resources/spi/awtProvider> (0x0000000787ee5e40) 
thrown [open/src/hotspot/share/classfile/systemDictionary.cpp, line 313]
Event: 0.375 Thread 0x00007fa7ce808a00 Exception <a 'java/io/FileNotFoundException'{0x0000000787d36020}> (0x0000000787d36020) 
thrown [open/src/hotspot/share/prims/jni.cpp, line 520]
Event: 0.409 Thread 0x00007fa7ce808a00 Exception <a 'java/io/FileNotFoundException'{0x0000000787d64310}> (0x0000000787d64310) 
thrown [open/src/hotspot/share/prims/jni.cpp, line 520]
Event: 0.460 Thread 0x00007fa7ce808a00 Exception <a 'java/lang/ClassNotFoundException'{0x0000000787d995d0}: sun/awt/resources/spi/awtosxProvider> (0x0000000787d995d0) 
thrown [open/src/hotspot/share/classfile/systemDictionary.cpp, line 313]
Event: 0.915 Thread 0x00007fa7ce808a00 Exception <a 'java/lang/NoSuchMethodError'{0x0000000787c4d3f8}: 'void java.lang.invoke.DirectMethodHandle$Holder.invokeSpecial(java.lang.Object, java.lang.Object, java.lang.Object)'> (0x0000000787c4d3f8) 
thrown [open/src/hotspot/share/interpreter/linkResolver.cpp, line 774]
Event: 0.930 Thread 0x00007fa7ce808a00 Exception <a 'java/lang/NoSuchMethodError'{0x0000000787c63ae8}: 'void java.lang.invoke.DirectMethodHandle$Holder.invokeStaticInit(java.lang.Object)'> (0x0000000787c63ae8) 
thrown [open/src/hotspot/share/interpreter/linkResolver.cpp, line 774]
Event: 0.966 Thread 0x00007fa7ce808a00 Exception <a 'java/lang/NoSuchMethodError'{0x0000000787c87498}: 'java.lang.Object java.lang.invoke.DirectMethodHandle$Holder.newInvokeSpecial(java.lang.Object, java.lang.Object, java.lang.Object, java.lang.Object, java.lang.Object)'> (0x0000000787c87498) 
thrown [open/src/hotspot/share/interpreter/linkResolver.cpp, line 774]
Event: 0.977 Thread 0x00007fa7ce808a00 Exception <a 'java/lang/NoSuchMethodError'{0x0000000787cfba28}: 'java.lang.Object java.lang.invoke.DirectMethodHandle$Holder.invokeStatic(java.lang.Object, int, java.lang.Object)'> (0x0000000787cfba28) 
thrown [open/src/hotspot/share/interpreter/linkResolver.cpp, line 774]
Event: 0.990 Thread 0x00007fa7ce808a00 Exception <a 'java/lang/ClassNotFoundException'{0x0000000787b28e60}: com/apple/laf/resources/spi/aquaProvider> (0x0000000787b28e60) 
thrown [open/src/hotspot/share/classfile/systemDictionary.cpp, line 313]
Event: 1.033 Thread 0x00007fa7ce808a00 Exception <a 'java/lang/ClassNotFoundException'{0x0000000787b8e058}: com/sun/swing/internal/plaf/basic/resources/spi/basicProvider> (0x0000000787b8e058) 
thrown [open/src/hotspot/share/classfile/systemDictionary.cpp, line 313]
Event: 1.058 Thread 0x00007fa7ce808a00 Exception <a 'java/lang/NoSuchMethodError'{0x0000000787bae5c8}: 'int java.lang.invoke.Invokers$Holder.invokeExact_MT(java.lang.Object, java.lang.Object)'> (0x0000000787bae5c8) 
thrown [open/src/hotspot/share/interpreter/linkResolver.cpp, line 774]
Event: 1.077 Thread 0x00007fa7ce808a00 Exception <a 'java/lang/NoSuchMethodError'{0x0000000787bc71f0}: 'void java.lang.invoke.Invokers$Holder.invokeExact_MT(java.lang.Object, java.lang.Object, java.lang.Object, java.lang.Object)'> (0x0000000787bc71f0) 
thrown [open/src/hotspot/share/interpreter/linkResolver.cpp, line 774]
Event: 1.125 Thread 0x00007fa7ce808a00 Exception <a 'java/lang/NoSuchMethodError'{0x0000000787bd2de0}: 'java.lang.Object java.lang.invoke.DirectMethodHandle$Holder.newInvokeSpecial(java.lang.Object, java.lang.Object, java.lang.Object, int, java.lang.Object)'> (0x0000000787bd2de0) 
thrown [open/src/hotspot/share/interpreter/linkResolver.cpp, line 774]
Event: 1.127 Thread 0x00007fa7ce808a00 Exception <a 'java/lang/NoSuchMethodError'{0x0000000787bda7d0}: 'java.lang.Object java.lang.invoke.Invokers$Holder.linkToTargetMethod(java.lang.Object, java.lang.Object, int, java.lang.Object, java.lang.Object)'> (0x0000000787bda7d0) 
thrown [open/src/hotspot/share/interpreter/linkResolver.cpp, line 774]
Event: 1.194 Thread 0x00007fa7ce808a00 Exception <a 'java/lang/NoSuchMethodError'{0x0000000787bde9c0}: 'void java.lang.invoke.DirectMethodHandle$Holder.invokeStatic(java.lang.Object, int, long)'> (0x0000000787bde9c0) 
thrown [open/src/hotspot/share/interpreter/linkResolver.cpp, line 774]
Event: 1.211 Thread 0x00007fa7ce95cc00 Exception <a 'java/lang/NoSuchMethodError'{0x0000000787a012a8}: 'void java.lang.invoke.DirectMethodHandle$Holder.invokeStatic(java.lang.Object, long)'> (0x0000000787a012a8) 
thrown [open/src/hotspot/share/interpreter/linkResolver.cpp, line 774]
Event: 1.292 Thread 0x00007fa7ce808a00 Exception <a 'java/lang/NoSuchMethodError'{0x0000000787a4bd38}: 'java.lang.Object java.lang.invoke.Invokers$Holder.linkToTargetMethod(int, int, int, int, java.lang.Object)'> (0x0000000787a4bd38) 
thrown [open/src/hotspot/share/interpreter/linkResolver.cpp, line 774]
Event: 1.293 Thread 0x00007fa7ce808a00 Exception <a 'java/lang/NoSuchMethodError'{0x0000000787a4f498}: 'void java.lang.invoke.DirectMethodHandle$Holder.invokeStatic(java.lang.Object, java.lang.Object, long)'> (0x0000000787a4f498) 
thrown [open/src/hotspot/share/interpreter/linkResolver.cpp, line 774]
Event: 1.331 Thread 0x00007fa7d0019800 Exception <a 'java/lang/NoSuchMethodError'{0x0000000787aa45e0}: 'void java.lang.invoke.DirectMethodHandle$Holder.invokeSpecial(java.lang.Object, java.lang.Object, long)'> (0x0000000787aa45e0) 
thrown [open/src/hotspot/share/interpreter/linkResolver.cpp, line 774]

ZGC Phase Switch (0 events):
No events

VM Operations (6 events):
Event: 0.217 Executing VM operation: HandshakeAllThreads (Deoptimize)
Event: 0.217 Executing VM operation: HandshakeAllThreads (Deoptimize) done
Event: 0.425 Executing VM operation: HandshakeAllThreads (Deoptimize)
Event: 0.425 Executing VM operation: HandshakeAllThreads (Deoptimize) done
Event: 0.459 Executing VM operation: HandshakeAllThreads (Deoptimize)
Event: 0.459 Executing VM operation: HandshakeAllThreads (Deoptimize) done

Events (20 events):
Event: 0.122 Thread 0x00007fa7ce00fc00 Thread added: 0x00007fa7ce00fc00
Event: 0.122 Protecting memory [0x000070000d973000,0x000070000d977000] with protection modes 0
Event: 0.122 Thread 0x00007fa7ce047800 Thread added: 0x00007fa7ce047800
Event: 0.122 Protecting memory [0x000070000da76000,0x000070000da7a000] with protection modes 0
Event: 0.122 Thread 0x00007fa7ce048000 Thread added: 0x00007fa7ce048000
Event: 0.122 Protecting memory [0x000070000db79000,0x000070000db7d000] with protection modes 0
Event: 0.171 Thread 0x00007fa7ce869e00 Thread added: 0x00007fa7ce869e00
Event: 0.171 Protecting memory [0x000070000dc7c000,0x000070000dc80000] with protection modes 0
Event: 0.239 Thread 0x00007fa7ce03f600 Thread added: 0x00007fa7ce03f600
Event: 0.239 Protecting memory [0x000070000dd7f000,0x000070000dd83000] with protection modes 0
Event: 0.473 Protecting memory [0x00007ff7bcf3e000,0x00007ff7bcf42000] with protection modes 0
Event: 0.473 Thread 0x00007fa7d0019800 Thread added: 0x00007fa7d0019800
Event: 0.592 Thread 0x00007fa7ce936400 Thread added: 0x00007fa7ce936400
Event: 0.592 Protecting memory [0x000070000de82000,0x000070000de86000] with protection modes 0
Event: 0.857 Thread 0x00007fa7ce943200 Thread added: 0x00007fa7ce943200
Event: 0.858 Protecting memory [0x000070000e10e000,0x000070000e112000] with protection modes 0
Event: 0.874 Thread 0x00007fa7ce189e00 Thread added: 0x00007fa7ce189e00
Event: 0.877 Protecting memory [0x000070000e211000,0x000070000e215000] with protection modes 0
Event: 1.208 Thread 0x00007fa7ce95cc00 Thread added: 0x00007fa7ce95cc00
Event: 1.208 Protecting memory [0x000070000e314000,0x000070000e318000] with protection modes 0


Dynamic libraries:
0x00000001028f3000 	/Library/Java/JavaVirtualMachines/jdk-22.jdk/Contents/Home/lib/libjli.dylib
0x00007ff810c00000 	/usr/lib/libz.1.dylib
0x00007ff810ce0000 	/usr/lib/libSystem.B.dylib
0x00007ff810cdb000 	/usr/lib/system/libcache.dylib
0x00007ff810c97000 	/usr/lib/system/libcommonCrypto.dylib
0x00007ff810cc0000 	/usr/lib/system/libcompiler_rt.dylib
0x00007ff810cb6000 	/usr/lib/system/libcopyfile.dylib
0x00007ff805c69000 	/usr/lib/system/libcorecrypto.dylib
0x00007ff805d27000 	/usr/lib/system/libdispatch.dylib
0x00007ff805ee8000 	/usr/lib/system/libdyld.dylib
0x00007ff810cd2000 	/usr/lib/system/libkeymgr.dylib
0x00007ff810c75000 	/usr/lib/system/libmacho.dylib
0x00007ff8102f6000 	/usr/lib/system/libquarantine.dylib
0x00007ff810cd0000 	/usr/lib/system/libremovefile.dylib
0x00007ff80ae81000 	/usr/lib/system/libsystem_asl.dylib
0x00007ff805c12000 	/usr/lib/system/libsystem_blocks.dylib
0x00007ff805dac000 	/usr/lib/system/libsystem_c.dylib
0x00007ff810cc8000 	/usr/lib/system/libsystem_collections.dylib
0x00007ff80f5aa000 	/usr/lib/system/libsystem_configuration.dylib
0x00007ff80e853000 	/usr/lib/system/libsystem_containermanager.dylib
0x00007ff8109ad000 	/usr/lib/system/libsystem_coreservices.dylib
0x00007ff80851f000 	/usr/lib/system/libsystem_darwin.dylib
0x00007ff810cd3000 	/usr/lib/system/libsystem_dnssd.dylib
0x00007ff805da9000 	/usr/lib/system/libsystem_featureflags.dylib
0x00007ff805efe000 	/usr/lib/system/libsystem_info.dylib
0x00007ff810c13000 	/usr/lib/system/libsystem_m.dylib
0x00007ff805cfb000 	/usr/lib/system/libsystem_malloc.dylib
0x00007ff80ae1c000 	/usr/lib/system/libsystem_networkextension.dylib
0x00007ff808949000 	/usr/lib/system/libsystem_notify.dylib
0x00007ff816f54000 	/usr/lib/system/libsystem_product_info_filter.dylib
0x00007ff80f5ae000 	/usr/lib/system/libsystem_sandbox.dylib
0x00007ff810ccd000 	/usr/lib/system/libsystem_secinit.dylib
0x00007ff805ea4000 	/usr/lib/system/libsystem_kernel.dylib
0x00007ff805ef4000 	/usr/lib/system/libsystem_platform.dylib
0x00007ff805edc000 	/usr/lib/system/libsystem_pthread.dylib
0x00007ff80c6cf000 	/usr/lib/system/libsystem_symptoms.dylib
0x00007ff805c50000 	/usr/lib/system/libsystem_trace.dylib
0x00007ff810ca3000 	/usr/lib/system/libunwind.dylib
0x00007ff805c14000 	/usr/lib/system/libxpc.dylib
0x00007ff805e8e000 	/usr/lib/libc++abi.dylib
0x00007ff805d6e000 	/usr/lib/libobjc.A.dylib
0x00007ff810cae000 	/usr/lib/liboah.dylib
0x00007ff805e35000 	/usr/lib/libc++.1.dylib
0x00007ff81cd69000 	/System/Library/Frameworks/Cocoa.framework/Versions/A/Cocoa
0x00007ff8089a7000 	/System/Library/Frameworks/AppKit.framework/Versions/C/AppKit
0x00007ff80bebd000 	/System/Library/Frameworks/CoreData.framework/Versions/A/CoreData
0x00007ff806da6000 	/System/Library/Frameworks/Foundation.framework/Versions/C/Foundation
0x00007ff809837000 	/System/Library/PrivateFrameworks/UIFoundation.framework/Versions/A/UIFoundation
0x00007ff816c57000 	/System/Library/PrivateFrameworks/RemoteViewServices.framework/Versions/A/RemoteViewServices
0x00007ff80ef33000 	/System/Library/PrivateFrameworks/XCTTargetBootstrap.framework/Versions/A/XCTTargetBootstrap
0x00007ff812aed000 	/System/Library/PrivateFrameworks/InternationalSupport.framework/Versions/A/InternationalSupport
0x00007ff812b77000 	/System/Library/PrivateFrameworks/UserActivity.framework/Versions/A/UserActivity
0x00007ff811ec8000 	/usr/lib/libspindump.dylib
0x00007ff809ac6000 	/System/Library/Frameworks/UniformTypeIdentifiers.framework/Versions/A/UniformTypeIdentifiers
0x00007ff80d658000 	/usr/lib/libapp_launch_measurement.dylib
0x00007ff80c88f000 	/System/Library/PrivateFrameworks/CoreAnalytics.framework/Versions/A/CoreAnalytics
0x00007ff80d65b000 	/System/Library/PrivateFrameworks/CoreAutoLayout.framework/Versions/A/CoreAutoLayout
0x00007ff80e88b000 	/System/Library/Frameworks/Metal.framework/Versions/A/Metal
0x00007ff80f5ba000 	/usr/lib/liblangid.dylib
0x00007ff80ef38000 	/System/Library/PrivateFrameworks/CoreSVG.framework/Versions/A/CoreSVG
0x00007ff80aeb1000 	/System/Library/PrivateFrameworks/SkyLight.framework/Versions/A/SkyLight
0x00007ff80b250000 	/System/Library/Frameworks/CoreGraphics.framework/Versions/A/CoreGraphics
0x00007ff817317000 	/System/Library/Frameworks/Accelerate.framework/Versions/A/Accelerate
0x00007ff811947000 	/System/Library/PrivateFrameworks/IconServices.framework/Versions/A/IconServices
0x00007ff80e870000 	/System/Library/Frameworks/IOSurface.framework/Versions/A/IOSurface
0x00007ff80c8bd000 	/usr/lib/libDiagnosticMessagesClient.dylib
0x00007ff81aa0d000 	/System/Library/Frameworks/ApplicationServices.framework/Versions/A/ApplicationServices
0x00007ff80ef1f000 	/System/Library/PrivateFrameworks/DFRFoundation.framework/Versions/A/DFRFoundation
0x00007ff80828b000 	/usr/lib/libicucore.A.dylib
0x00007ff8138e3000 	/System/Library/Frameworks/AudioToolbox.framework/Versions/A/AudioToolbox
0x00007ff812af9000 	/System/Library/PrivateFrameworks/DataDetectorsCore.framework/Versions/A/DataDetectorsCore
0x00007ff90effc000 	/System/Library/PrivateFrameworks/TextInput.framework/Versions/A/TextInput
0x00007ff80ae34000 	/usr/lib/libMobileGestalt.dylib
0x00007ff80ec2b000 	/System/Library/Frameworks/Carbon.framework/Versions/A/Frameworks/HIToolbox.framework/Versions/A/HIToolbox
0x00007ff80d05a000 	/System/Library/Frameworks/QuartzCore.framework/Versions/A/QuartzCore
0x00007ff807f30000 	/System/Library/Frameworks/Security.framework/Versions/A/Security
0x00007ff816c8f000 	/System/Library/Frameworks/Carbon.framework/Versions/A/Frameworks/SpeechRecognition.framework/Versions/A/SpeechRecognition
0x00007ff80d3b8000 	/System/Library/PrivateFrameworks/CoreUI.framework/Versions/A/CoreUI
0x00007ff8077fa000 	/System/Library/Frameworks/CoreAudio.framework/Versions/A/CoreAudio
0x00007ff80c9ac000 	/System/Library/Frameworks/DiskArbitration.framework/Versions/A/DiskArbitration
0x00007ff8122b9000 	/System/Library/PrivateFrameworks/MultitouchSupport.framework/Versions/A/MultitouchSupport
0x00007ff80ae33000 	/usr/lib/libenergytrace.dylib
0x00007ff80888f000 	/System/Library/Frameworks/IOKit.framework/Versions/A/IOKit
0x00007ff81707f000 	/System/Library/Frameworks/CoreServices.framework/Versions/A/CoreServices
0x00007ff80d5f2000 	/System/Library/PrivateFrameworks/PerformanceAnalysis.framework/Versions/A/PerformanceAnalysis
0x00007ffa1eccd000 	/System/Library/Frameworks/OpenGL.framework/Versions/A/OpenGL
0x00007ff81021c000 	/System/Library/PrivateFrameworks/MobileKeyBag.framework/Versions/A/MobileKeyBag
0x00007ff80b91c000 	/System/Library/Frameworks/ColorSync.framework/Versions/A/ColorSync
0x00007ff805f29000 	/System/Library/Frameworks/CoreFoundation.framework/Versions/A/CoreFoundation
0x00007ff80f1b0000 	/System/Library/Frameworks/CoreImage.framework/Versions/A/CoreImage
0x00007ff80760e000 	/System/Library/Frameworks/CoreText.framework/Versions/A/CoreText
0x00007ff80ef68000 	/System/Library/Frameworks/ImageIO.framework/Versions/A/ImageIO
0x00007ff810ce6000 	/System/Library/PrivateFrameworks/SoftLinking.framework/Versions/A/SoftLinking
0x00007ff80d6a3000 	/usr/lib/libxml2.2.dylib
0x00007ff810f6a000 	/usr/lib/libcompression.dylib
0x00007ff812a20000 	/System/Library/PrivateFrameworks/TextureIO.framework/Versions/A/TextureIO
0x00007ff811658000 	/usr/lib/libate.dylib
0x00007ff811434000 	/usr/lib/liblzma.5.dylib
0x00007ff806ab8000 	/System/Library/Frameworks/SystemConfiguration.framework/Versions/A/SystemConfiguration
0x00007ff810ce2000 	/usr/lib/libfakelink.dylib
0x00007ff80a98d000 	/System/Library/Frameworks/CFNetwork.framework/Versions/A/CFNetwork
0x00007ff810e23000 	/usr/lib/libarchive.2.dylib
0x00007ff80f5b6000 	/System/Library/PrivateFrameworks/AppleSystemInfo.framework/Versions/A/AppleSystemInfo
0x00007ff81031d000 	/usr/lib/libbsm.0.dylib
0x00007ff809f9c000 	/usr/lib/libnetwork.dylib
0x00007ff810c7b000 	/usr/lib/system/libkxld.dylib
0x00007ff80ff50000 	/System/Library/PrivateFrameworks/IOMobileFramebuffer.framework/Versions/A/IOMobileFramebuffer
0x00007ffb1e684000 	/usr/lib/libCoreEntitlements.dylib
0x00007ff81098f000 	/System/Library/PrivateFrameworks/AppleFSCompression.framework/Versions/A/AppleFSCompression
0x00007ff810305000 	/usr/lib/libcoretls.dylib
0x00007ff81144e000 	/usr/lib/libcoretls_cfhelpers.dylib
0x00007ff810f64000 	/usr/lib/libpam.2.dylib
0x00007ff80c2ee000 	/usr/lib/libsqlite3.dylib
0x00007ff8114bd000 	/usr/lib/libxar.1.dylib
0x00007ff81099f000 	/usr/lib/libbz2.1.0.dylib
0x00007ff810ce7000 	/usr/lib/libpcap.A.dylib
0x00007ff80c6c7000 	/usr/lib/libdns_services.dylib
0x00007ff810f34000 	/usr/lib/libapple_nghttp2.dylib
0x00007ff810d21000 	/usr/lib/libiconv.2.dylib
0x00007ff810c74000 	/usr/lib/libcharset.1.dylib
0x00007ff80d626000 	/System/Library/Frameworks/CoreServices.framework/Versions/A/Frameworks/FSEvents.framework/Versions/A/FSEvents
0x00007ff808529000 	/System/Library/Frameworks/CoreServices.framework/Versions/A/Frameworks/CarbonCore.framework/Versions/A/CarbonCore
0x00007ff80c910000 	/System/Library/Frameworks/CoreServices.framework/Versions/A/Frameworks/Metadata.framework/Versions/A/Metadata
0x00007ff8109b2000 	/System/Library/Frameworks/CoreServices.framework/Versions/A/Frameworks/OSServices.framework/Versions/A/OSServices
0x00007ff810ea9000 	/System/Library/Frameworks/CoreServices.framework/Versions/A/Frameworks/SearchKit.framework/Versions/A/SearchKit
0x00007ff80c659000 	/System/Library/Frameworks/CoreServices.framework/Versions/A/Frameworks/AE.framework/Versions/A/AE
0x00007ff80642c000 	/System/Library/Frameworks/CoreServices.framework/Versions/A/Frameworks/LaunchServices.framework/Versions/A/LaunchServices
0x00007ff8113e5000 	/System/Library/Frameworks/CoreServices.framework/Versions/A/Frameworks/DictionaryServices.framework/Versions/A/DictionaryServices
0x00007ff80d633000 	/System/Library/Frameworks/CoreServices.framework/Versions/A/Frameworks/SharedFileList.framework/Versions/A/SharedFileList
0x00007ff8102f9000 	/usr/lib/libCheckFix.dylib
0x00007ff80ae98000 	/System/Library/PrivateFrameworks/TCC.framework/Versions/A/TCC
0x00007ff80f5bc000 	/System/Library/PrivateFrameworks/CoreNLP.framework/Versions/A/CoreNLP
0x00007ff80c8c0000 	/System/Library/PrivateFrameworks/MetadataUtilities.framework/Versions/A/MetadataUtilities
0x00007ff806b69000 	/usr/lib/libmecabra.dylib
0x00007ff81032d000 	/usr/lib/libmecab.dylib
0x00007ff806b34000 	/usr/lib/libCRFSuite.dylib
0x00007ff810387000 	/usr/lib/libgermantok.dylib
0x00007ff810f0f000 	/usr/lib/libThaiTokenizer.dylib
0x00007ff80c9b3000 	/System/Library/Frameworks/Accelerate.framework/Versions/A/Frameworks/vImage.framework/Versions/A/vImage
0x00007ff817056000 	/System/Library/Frameworks/Accelerate.framework/Versions/A/Frameworks/vecLib.framework/Versions/A/vecLib
0x00007ff8114fe000 	/System/Library/Frameworks/Accelerate.framework/Versions/A/Frameworks/vecLib.framework/Versions/A/libvMisc.dylib
0x00007ff80fd7b000 	/System/Library/Frameworks/Accelerate.framework/Versions/A/Frameworks/vecLib.framework/Versions/A/libvDSP.dylib
0x00007ff8067a8000 	/System/Library/Frameworks/Accelerate.framework/Versions/A/Frameworks/vecLib.framework/Versions/A/libBLAS.dylib
0x00007ff811047000 	/System/Library/Frameworks/Accelerate.framework/Versions/A/Frameworks/vecLib.framework/Versions/A/libLAPACK.dylib
0x00007ff81038a000 	/System/Library/Frameworks/Accelerate.framework/Versions/A/Frameworks/vecLib.framework/Versions/A/libLinearAlgebra.dylib
0x00007ff810f4c000 	/System/Library/Frameworks/Accelerate.framework/Versions/A/Frameworks/vecLib.framework/Versions/A/libSparseBLAS.dylib
0x00007ff811041000 	/System/Library/Frameworks/Accelerate.framework/Versions/A/Frameworks/vecLib.framework/Versions/A/libQuadrature.dylib
0x00007ff80f6a7000 	/System/Library/Frameworks/Accelerate.framework/Versions/A/Frameworks/vecLib.framework/Versions/A/libBNNS.dylib
0x00007ff806a42000 	/System/Library/Frameworks/Accelerate.framework/Versions/A/Frameworks/vecLib.framework/Versions/A/libSparse.dylib
0x00007ff80f6a0000 	/System/Library/PrivateFrameworks/LinguisticData.framework/Versions/A/LinguisticData
0x00007ff8069f8000 	/System/Library/PrivateFrameworks/Lexicon.framework/Versions/A/Lexicon
0x00007ff8114f7000 	/usr/lib/libChineseTokenizer.dylib
0x00007ff807163000 	/System/Library/PrivateFrameworks/LanguageModeling.framework/Versions/A/LanguageModeling
0x00007ff810f11000 	/System/Library/PrivateFrameworks/AppleSauce.framework/Versions/A/AppleSauce
0x00007ff80ff3e000 	/System/Library/PrivateFrameworks/CoreEmoji.framework/Versions/A/CoreEmoji
0x00007ff810e12000 	/usr/lib/libcmph.dylib
0x00007ff80d60a000 	/System/Library/Frameworks/OpenDirectory.framework/Versions/A/Frameworks/CFOpenDirectory.framework/Versions/A/CFOpenDirectory
0x00007ff80d5fe000 	/System/Library/Frameworks/OpenDirectory.framework/Versions/A/OpenDirectory
0x00007ff811450000 	/System/Library/PrivateFrameworks/APFS.framework/Versions/A/APFS
0x00007ff810254000 	/System/Library/Frameworks/SecurityFoundation.framework/Versions/A/SecurityFoundation
0x00007ff8114cb000 	/usr/lib/libutil.dylib
0x00007ff808853000 	/System/Library/PrivateFrameworks/CoreServicesStore.framework/Versions/A/CoreServicesStore
0x00007ff8114cf000 	/usr/lib/libxslt.1.dylib
0x00007ff8102e1000 	/System/Library/PrivateFrameworks/BackgroundTaskManagement.framework/Versions/A/BackgroundTaskManagement
0x00007ff812940000 	/System/Library/Frameworks/ImageIO.framework/Versions/A/Resources/libRadiance.dylib
0x00007ff812949000 	/System/Library/Frameworks/ImageIO.framework/Versions/A/Resources/libJPEG.dylib
0x00007ff812898000 	/System/Library/Frameworks/ImageIO.framework/Versions/A/Resources/libPng.dylib
0x00007ff8128b9000 	/System/Library/Frameworks/ImageIO.framework/Versions/A/Resources/libTIFF.dylib
0x00007ff8129a9000 	/System/Library/Frameworks/ImageIO.framework/Versions/A/Resources/libGIF.dylib
0x00007ff8121d2000 	/System/Library/Frameworks/ImageIO.framework/Versions/A/Resources/libJP2.dylib
0x00007ff81190d000 	/usr/lib/libexpat.1.dylib
0x00007ff812187000 	/System/Library/PrivateFrameworks/AppleJPEG.framework/Versions/A/AppleJPEG
0x00007ff80eaf0000 	/System/Library/PrivateFrameworks/FontServices.framework/libFontParser.dylib
0x00007ff80c603000 	/System/Library/PrivateFrameworks/RunningBoardServices.framework/Versions/A/RunningBoardServices
0x00007ff81d324000 	/System/Library/PrivateFrameworks/IOSurfaceAccelerator.framework/Versions/A/IOSurfaceAccelerator
0x00007ff8122b5000 	/System/Library/PrivateFrameworks/WatchdogClient.framework/Versions/A/WatchdogClient
0x00007ff807251000 	/System/Library/Frameworks/CoreDisplay.framework/Versions/A/CoreDisplay
0x00007ff80e9ee000 	/System/Library/Frameworks/CoreMedia.framework/Versions/A/CoreMedia
0x00007ff80e882000 	/System/Library/PrivateFrameworks/IOAccelerator.framework/Versions/A/IOAccelerator
0x00007ff80d787000 	/System/Library/Frameworks/CoreVideo.framework/Versions/A/CoreVideo
0x00007ff810f62000 	/System/Library/Frameworks/MetalPerformanceShaders.framework/Versions/A/MetalPerformanceShaders
0x00007ff8122f2000 	/System/Library/Frameworks/VideoToolbox.framework/Versions/A/VideoToolbox
0x00007ff80c54d000 	/System/Library/PrivateFrameworks/BaseBoard.framework/Versions/A/BaseBoard
0x00007ff80c2d4000 	/System/Library/PrivateFrameworks/ProtocolBuffer.framework/Versions/A/ProtocolBuffer
0x00007ff812939000 	/System/Library/PrivateFrameworks/GPUWrangler.framework/Versions/A/GPUWrangler
0x00007ff81291d000 	/System/Library/PrivateFrameworks/IOPresentment.framework/Versions/A/IOPresentment
0x00007ff812943000 	/System/Library/PrivateFrameworks/DSExternalDisplay.framework/Versions/A/DSExternalDisplay
0x00007ffa1ecc1000 	/System/Library/Frameworks/OpenGL.framework/Versions/A/Libraries/libCoreFSCache.dylib
0x00007ffb0bd97000 	/System/Library/PrivateFrameworks/GPUCompiler.framework/Versions/31001/Libraries/libGPUCompilerUtils.dylib
0x00007ff8129ae000 	/System/Library/PrivateFrameworks/CMCaptureCore.framework/Versions/A/CMCaptureCore
0x00007ff811eb6000 	/System/Library/PrivateFrameworks/AppServerSupport.framework/Versions/A/AppServerSupport
0x00007ff81417c000 	/System/Library/PrivateFrameworks/perfdata.framework/Versions/A/perfdata
0x00007ff80737d000 	/System/Library/PrivateFrameworks/AudioToolboxCore.framework/Versions/A/AudioToolboxCore
0x00007ff80e9cc000 	/System/Library/PrivateFrameworks/caulk.framework/Versions/A/caulk
0x00007ff813a8e000 	/usr/lib/libAudioStatistics.dylib
0x00007ff90b781000 	/System/Library/PrivateFrameworks/SystemPolicy.framework/Versions/A/SystemPolicy
0x00007ff813ce9000 	/usr/lib/libSMC.dylib
0x00007ff81cc1c000 	/System/Library/Frameworks/CoreMIDI.framework/Versions/A/CoreMIDI
0x00007ff812867000 	/usr/lib/libAudioToolboxUtility.dylib
0x00007ff9079a5000 	/System/Library/PrivateFrameworks/OSAServicesClient.framework/Versions/A/OSAServicesClient
0x00007ff814189000 	/usr/lib/libperfcheck.dylib
0x00007ff90c232000 	/usr/lib/libmis.dylib
0x00007ffa1ed1c000 	/System/Library/Frameworks/OpenGL.framework/Versions/A/Libraries/libGLU.dylib
0x00007ffa1ece0000 	/System/Library/Frameworks/OpenGL.framework/Versions/A/Libraries/libGFXShared.dylib
0x00007ffa1eee9000 	/System/Library/Frameworks/OpenGL.framework/Versions/A/Libraries/libGL.dylib
0x00007ffa1ece9000 	/System/Library/Frameworks/OpenGL.framework/Versions/A/Libraries/libGLImage.dylib
0x00007ffa1ecdd000 	/System/Library/Frameworks/OpenGL.framework/Versions/A/Libraries/libCVMSPluginSupport.dylib
0x00007ffa1ecc8000 	/System/Library/Frameworks/OpenGL.framework/Versions/A/Libraries/libCoreVMClient.dylib
0x00007ff80f538000 	/System/Library/Frameworks/MetalPerformanceShaders.framework/Versions/A/Frameworks/MPSCore.framework/Versions/A/MPSCore
0x00007ff8108fa000 	/System/Library/Frameworks/MetalPerformanceShaders.framework/Versions/A/Frameworks/MPSImage.framework/Versions/A/MPSImage
0x00007ff8103a0000 	/System/Library/Frameworks/MetalPerformanceShaders.framework/Versions/A/Frameworks/MPSNeuralNetwork.framework/Versions/A/MPSNeuralNetwork
0x00007ff810814000 	/System/Library/Frameworks/MetalPerformanceShaders.framework/Versions/A/Frameworks/MPSMatrix.framework/Versions/A/MPSMatrix
0x00007ff8105cf000 	/System/Library/Frameworks/MetalPerformanceShaders.framework/Versions/A/Frameworks/MPSRayIntersector.framework/Versions/A/MPSRayIntersector
0x00007ff81084c000 	/System/Library/Frameworks/MetalPerformanceShaders.framework/Versions/A/Frameworks/MPSNDArray.framework/Versions/A/MPSNDArray
0x00007ffa247a1000 	/System/Library/Frameworks/MetalPerformanceShaders.framework/Versions/A/Frameworks/MPSFunctions.framework/Versions/A/MPSFunctions
0x00007ff806684000 	/System/Library/PrivateFrameworks/MetalTools.framework/Versions/A/MetalTools
0x00007ff80f5b4000 	/System/Library/PrivateFrameworks/AggregateDictionary.framework/Versions/A/AggregateDictionary
0x00007ff8116ef000 	/usr/lib/libIOReport.dylib
0x00007ffa202f8000 	/System/Library/Frameworks/OpenCL.framework/Versions/A/OpenCL
0x00007ff811a54000 	/System/Library/PrivateFrameworks/FaceCore.framework/Versions/A/FaceCore
0x00007ff811a45000 	/System/Library/PrivateFrameworks/GraphVisualizer.framework/Versions/A/GraphVisualizer
0x00007ffb0bca2000 	/System/Library/PrivateFrameworks/FontServices.framework/Versions/A/FontServices
0x00007ff811e6e000 	/System/Library/PrivateFrameworks/OTSVG.framework/Versions/A/OTSVG
0x00007ff80d36d000 	/System/Library/Frameworks/ApplicationServices.framework/Versions/A/Frameworks/ATS.framework/Versions/A/Resources/libFontRegistry.dylib
0x00007ff811ebe000 	/System/Library/PrivateFrameworks/FontServices.framework/libhvf.dylib
0x00007ffb0bca3000 	/System/Library/PrivateFrameworks/FontServices.framework/libXTFontStaticRegistryData.dylib
0x00007ff8118bd000 	/System/Library/PrivateFrameworks/AppleVA.framework/Versions/A/AppleVA
0x00007ff813aae000 	/System/Library/Frameworks/ApplicationServices.framework/Versions/A/Frameworks/ATS.framework/Versions/A/ATS
0x00007ff80ba1a000 	/System/Library/Frameworks/ApplicationServices.framework/Versions/A/Frameworks/HIServices.framework/Versions/A/HIServices
0x00007ff8129b8000 	/System/Library/Frameworks/ApplicationServices.framework/Versions/A/Frameworks/PrintCore.framework/Versions/A/PrintCore
0x00007ff813e3c000 	/System/Library/Frameworks/ApplicationServices.framework/Versions/A/Frameworks/QD.framework/Versions/A/QD
0x00007ff813e34000 	/System/Library/Frameworks/ApplicationServices.framework/Versions/A/Frameworks/ColorSyncLegacy.framework/Versions/A/ColorSyncLegacy
0x00007ff813a9e000 	/System/Library/Frameworks/ApplicationServices.framework/Versions/A/Frameworks/SpeechSynthesis.framework/Versions/A/SpeechSynthesis
0x00007ff812979000 	/System/Library/Frameworks/ApplicationServices.framework/Versions/A/Frameworks/ATSUI.framework/Versions/A/ATSUI
0x00007ff813dc9000 	/usr/lib/libcups.2.dylib
0x00007ff814198000 	/System/Library/Frameworks/Kerberos.framework/Versions/A/Kerberos
0x00007ff8141a7000 	/System/Library/Frameworks/GSS.framework/Versions/A/GSS
0x00007ff813b1a000 	/usr/lib/libresolv.9.dylib
0x00007ff811ecd000 	/System/Library/PrivateFrameworks/Heimdal.framework/Versions/A/Heimdal
0x00007ff81ad9f000 	/System/Library/Frameworks/Kerberos.framework/Versions/A/Libraries/libHeimdalProxy.dylib
0x00007ff80c6d7000 	/System/Library/Frameworks/Network.framework/Versions/A/Network
0x00007ff811928000 	/usr/lib/libheimdal-asn1.dylib
0x00007ff8141f2000 	/System/Library/PrivateFrameworks/CommonAuth.framework/Versions/A/CommonAuth
0x00007ff813a20000 	/System/Library/PrivateFrameworks/AudioSession.framework/Versions/A/AudioSession
0x00007ff8119b8000 	/System/Library/PrivateFrameworks/MediaExperience.framework/Versions/A/MediaExperience
0x00007ff8138b2000 	/System/Library/PrivateFrameworks/AudioSession.framework/libSessionUtility.dylib
0x00007ff813e48000 	/System/Library/PrivateFrameworks/AudioResourceArbitration.framework/Versions/A/AudioResourceArbitration
0x00007ff817ec9000 	/System/Library/PrivateFrameworks/PowerLog.framework/Versions/A/PowerLog
0x00007ff811931000 	/System/Library/PrivateFrameworks/IconFoundation.framework/Versions/A/IconFoundation
0x00007ff816c7f000 	/System/Library/PrivateFrameworks/SpeechRecognitionCore.framework/Versions/A/SpeechRecognitionCore
0x0000000103b2f000 	/Library/Java/JavaVirtualMachines/jdk-22.jdk/Contents/Home/lib/server/libjvm.dylib
0x000000010292a000 	/Library/Java/JavaVirtualMachines/jdk-22.jdk/Contents/Home/lib/libjimage.dylib
0x00000001029ac000 	/Library/Java/JavaVirtualMachines/jdk-22.jdk/Contents/Home/lib/libjava.dylib
0x0000000103416000 	/Library/Java/JavaVirtualMachines/jdk-22.jdk/Contents/Home/lib/libnio.dylib
0x0000000103436000 	/Library/Java/JavaVirtualMachines/jdk-22.jdk/Contents/Home/lib/libnet.dylib
0x000000010344e000 	/Library/Java/JavaVirtualMachines/jdk-22.jdk/Contents/Home/lib/libzip.dylib
0x0000000103509000 	/Library/Java/JavaVirtualMachines/jdk-22.jdk/Contents/Home/lib/libawt.dylib
0x0000000103676000 	/Library/Java/JavaVirtualMachines/jdk-22.jdk/Contents/Home/lib/libmlib_image.dylib
0x00007ffa2470a000 	/System/Library/Frameworks/JavaRuntimeSupport.framework/Versions/A/JavaRuntimeSupport
0x00007ff90b2a5000 	/System/Library/Frameworks/Carbon.framework/Versions/A/Carbon
0x00007ff819144000 	/System/Library/PrivateFrameworks/CoreSymbolication.framework/Versions/A/CoreSymbolication
0x00007ff81e6e3000 	/System/Library/Frameworks/Carbon.framework/Versions/A/Frameworks/CommonPanels.framework/Versions/A/CommonPanels
0x00007ff81a779000 	/System/Library/Frameworks/Carbon.framework/Versions/A/Frameworks/Help.framework/Versions/A/Help
0x00007ff81e6e7000 	/System/Library/Frameworks/Carbon.framework/Versions/A/Frameworks/ImageCapture.framework/Versions/A/ImageCapture
0x00007ff81e6b7000 	/System/Library/Frameworks/Carbon.framework/Versions/A/Frameworks/OpenScripting.framework/Versions/A/OpenScripting
0x00007ff81e6df000 	/System/Library/Frameworks/Carbon.framework/Versions/A/Frameworks/Ink.framework/Versions/A/Ink
0x00007ff90b2a1000 	/System/Library/Frameworks/Carbon.framework/Versions/A/Frameworks/Print.framework/Versions/A/Print
0x00007ff81e6db000 	/System/Library/Frameworks/Carbon.framework/Versions/A/Frameworks/SecurityHI.framework/Versions/A/SecurityHI
0x00007ff819109000 	/System/Library/PrivateFrameworks/DebugSymbols.framework/Versions/A/DebugSymbols
0x0000000103846000 	/Library/Java/JavaVirtualMachines/jdk-22.jdk/Contents/Home/lib/libawt_lwawt.dylib
0x000000010348b000 	/Library/Java/JavaVirtualMachines/jdk-22.jdk/Contents/Home/lib/libosxapp.dylib
0x00007ff90a56f000 	/System/Library/Frameworks/ExceptionHandling.framework/Versions/A/ExceptionHandling
0x000000010aab9000 	/Library/Java/JavaVirtualMachines/jdk-22.jdk/Contents/Home/lib/libfontmanager.dylib
0x0000000103722000 	/Library/Java/JavaVirtualMachines/jdk-22.jdk/Contents/Home/lib/libfreetype.dylib
0x00007ff808815000 	/System/Library/PrivateFrameworks/CoreServicesInternal.framework/Versions/A/CoreServicesInternal
0x00007ff8184ba000 	/System/Library/Frameworks/FileProvider.framework/Versions/A/FileProvider
0x00007ff80c4ba000 	/System/Library/Frameworks/Accounts.framework/Versions/A/Accounts
0x00007ff818633000 	/System/Library/PrivateFrameworks/GenerationalStorage.framework/Versions/A/GenerationalStorage
0x00007ff817ebe000 	/System/Library/PrivateFrameworks/SymptomDiagnosticReporter.framework/Versions/A/SymptomDiagnosticReporter
0x00007ff809ada000 	/System/Library/PrivateFrameworks/DesktopServicesPriv.framework/Versions/A/DesktopServicesPriv
0x00007ff808958000 	/usr/lib/libsandbox.1.dylib
0x00007ff80d806000 	/System/Library/PrivateFrameworks/UserManagement.framework/Versions/A/UserManagement
0x00007ff813e29000 	/System/Library/PrivateFrameworks/NetAuth.framework/Versions/A/NetAuth
0x00007ff814d38000 	/System/Library/PrivateFrameworks/Sharing.framework/Versions/A/Sharing
0x00007ff80d7d9000 	/System/Library/PrivateFrameworks/login.framework/Versions/A/Frameworks/loginsupport.framework/Versions/A/loginsupport
0x00007ff81a2a7000 	/System/Library/PrivateFrameworks/Apple80211.framework/Versions/A/Apple80211
0x00007ff8109df000 	/System/Library/PrivateFrameworks/AuthKit.framework/Versions/A/AuthKit
0x00007ff810034000 	/System/Library/PrivateFrameworks/CoreUtils.framework/Versions/A/CoreUtils
0x00007ff80ff5b000 	/System/Library/Frameworks/CoreWLAN.framework/Versions/A/CoreWLAN
0x00007ff814e97000 	/System/Library/Frameworks/IOBluetooth.framework/Versions/A/IOBluetooth
0x00007ff81a30f000 	/System/Library/PrivateFrameworks/CoreWiFi.framework/Versions/A/CoreWiFi
0x00007ff818cdd000 	/System/Library/PrivateFrameworks/FrontBoardServices.framework/Versions/A/FrontBoardServices
0x00007ff818d6e000 	/System/Library/PrivateFrameworks/BoardServices.framework/Versions/A/BoardServices
0x00007ff810243000 	/System/Library/PrivateFrameworks/AssertionServices.framework/Versions/A/AssertionServices
0x00007ff81a492000 	/System/Library/PrivateFrameworks/BackBoardServices.framework/Versions/A/BackBoardServices
0x00007ff814283000 	/System/Library/PrivateFrameworks/CorePhoneNumbers.framework/Versions/A/CorePhoneNumbers
0x00007ff813b47000 	/System/Library/PrivateFrameworks/MultiverseSupport.framework/Versions/A/MultiverseSupport
0x00007ff81a706000 	/System/Library/PrivateFrameworks/RemoteServiceDiscovery.framework/Versions/A/RemoteServiceDiscovery
0x00007ff817fdb000 	/System/Library/PrivateFrameworks/DiskManagement.framework/Versions/A/DiskManagement
0x00007ff817eef000 	/System/Library/PrivateFrameworks/AppleIDAuthSupport.framework/Versions/A/AppleIDAuthSupport
0x00007ffb0661e000 	/System/Library/PrivateFrameworks/AAAFoundation.framework/Versions/A/AAAFoundation
0x00007ff814264000 	/System/Library/PrivateFrameworks/KeychainCircle.framework/Versions/A/KeychainCircle
0x00007ff81a716000 	/System/Library/PrivateFrameworks/RemoteXPC.framework/Versions/A/RemoteXPC
0x00007ff817fa7000 	/System/Library/PrivateFrameworks/MediaKit.framework/Versions/A/MediaKit
0x00007ff817efb000 	/System/Library/Frameworks/DiscRecording.framework/Versions/A/DiscRecording
0x00007ff811835000 	/usr/lib/libCoreStorage.dylib
0x00007ff81a781000 	/usr/lib/libcsfde.dylib
0x00007ff814f64000 	/System/Library/PrivateFrameworks/ProtectedCloudStorage.framework/Versions/A/ProtectedCloudStorage
0x00007ff81a77d000 	/System/Library/PrivateFrameworks/EFILogin.framework/Versions/A/EFILogin
0x00007ff818659000 	/System/Library/PrivateFrameworks/OctagonTrust.framework/Versions/A/OctagonTrust
0x00007ffb0af06000 	/System/Library/PrivateFrameworks/CoreUtilsExtras.framework/Versions/A/CoreUtilsExtras
0x00007ff817e22000 	/System/Library/Frameworks/CoreBluetooth.framework/Versions/A/CoreBluetooth
0x00007ff81ae24000 	/System/Library/Frameworks/AudioUnit.framework/Versions/A/AudioUnit
0x00007ff81182d000 	/usr/lib/libMatch.1.dylib
0x00007ff913032000 	/System/Library/CoreServices/RawCamera.bundle/Contents/MacOS/RawCamera
0x00007ff814202000 	/System/Library/PrivateFrameworks/MobileAsset.framework/Versions/A/MobileAsset
0x00007ff81ae4b000 	/System/Library/PrivateFrameworks/StreamingZip.framework/Versions/A/StreamingZip
0x00007ffb081fa000 	/System/Library/PrivateFrameworks/CMPhoto.framework/Versions/A/CMPhoto
0x00007ff818fdf000 	/System/Library/PrivateFrameworks/AppleVPA.framework/Versions/A/AppleVPA
0x00007ff812be2000 	/System/Library/Frameworks/MediaToolbox.framework/Versions/A/MediaToolbox
0x00007ff81848a000 	/System/Library/PrivateFrameworks/CoreAVCHD.framework/Versions/A/CoreAVCHD
0x00007ff81735f000 	/System/Library/Frameworks/MediaAccessibility.framework/Versions/A/MediaAccessibility
0x00007ff818486000 	/System/Library/PrivateFrameworks/Mangrove.framework/Versions/A/Mangrove
0x00007ff81736a000 	/System/Library/PrivateFrameworks/AlgosScoreFramework.framework/Versions/A/AlgosScoreFramework
0x00007ff8180cb000 	/System/Library/PrivateFrameworks/CoreAUC.framework/Versions/A/CoreAUC
0x00007ff91085b000 	/System/Library/Frameworks/Accelerate.framework/Versions/A/Frameworks/vImage.framework/Versions/A/Libraries/libCGInterfaces.dylib
0x0000000103817000 	/usr/lib/libobjc-trampolines.dylib
0x00007ff80d4fe000 	/System/Library/PrivateFrameworks/ViewBridge.framework/Versions/A/ViewBridge
0x00007ffa160cd000 	/System/Library/Extensions/AppleIntelBDWGraphicsMTLDriver.bundle/Contents/MacOS/AppleIntelBDWGraphicsMTLDriver
0x00007ff90c24d000 	/System/Library/PrivateFrameworks/GPURawCounter.framework/Versions/A/GPURawCounter
0x0000000123f8d000 	/Library/Java/JavaVirtualMachines/jdk-22.jdk/Contents/Home/lib/libosxui.dylib
0x00007ffb1e773000 	/usr/lib/libRosetta.dylib
0x00007ff811f85000 	/System/Library/PrivateFrameworks/login.framework/Versions/A/login


VM Arguments:
jvm_args: -Dfile.encoding=UTF-8 --module-path=/Users/caubanh/NetBeansProjects/bank management system/build/classes 
java_command: bank.management.system.SignupThree
java_class_path (initial): /Users/caubanh/Downloads/jcalendar-1.4.jar:/Users/caubanh/Downloads/mysql-connector-java-8.0.28.jar:/Users/caubanh/NetBeansProjects/bank management system/build/classes
Launcher Type: SUN_STANDARD

[Global flags]
     intx CICompilerCount                          = 3                                         {product} {ergonomic}
     uint ConcGCThreads                            = 1                                         {product} {ergonomic}
     uint G1ConcRefinementThreads                  = 4                                         {product} {ergonomic}
   size_t G1HeapRegionSize                         = 1048576                                   {product} {ergonomic}
   size_t InitialHeapSize                          = 134217728                                 {product} {ergonomic}
   size_t MarkStackSize                            = 4194304                                   {product} {ergonomic}
   size_t MaxHeapSize                              = 2147483648                                {product} {ergonomic}
   size_t MaxNewSize                               = 1287651328                                {product} {ergonomic}
   size_t MinHeapDeltaBytes                        = 1048576                                   {product} {ergonomic}
   size_t MinHeapSize                              = 8388608                                   {product} {ergonomic}
    uintx NonNMethodCodeHeapSize                   = 5832780                                {pd product} {ergonomic}
    uintx NonProfiledCodeHeapSize                  = 122912730                              {pd product} {ergonomic}
    uintx ProfiledCodeHeapSize                     = 122912730                              {pd product} {ergonomic}
    uintx ReservedCodeCacheSize                    = 251658240                              {pd product} {ergonomic}
     bool SegmentedCodeCache                       = true                                      {product} {ergonomic}
   size_t SoftMaxHeapSize                          = 2147483648                             {manageable} {ergonomic}
     bool UseCompressedOops                        = true                           {product lp64_product} {ergonomic}
     bool UseG1GC                                  = true                                      {product} {ergonomic}
     bool UseNUMA                                  = false                                     {product} {ergonomic}
     bool UseNUMAInterleaving                      = false                                     {product} {ergonomic}

Logging:
Log output configuration:
 #0: stdout all=warning uptime,level,tags foldmultilines=false
 #1: stderr all=off uptime,level,tags foldmultilines=false

Environment Variables:
PATH=/usr/bin:/bin:/usr/sbin:/sbin
SHELL=/bin/bash
LC_CTYPE=UTF-8
TMPDIR=/var/folders/fk/h8_h969d6r96z0l71v86wl580000gp/T/

Active Locale:
LC_ALL=C/UTF-8/C/C/C/C
LC_COLLATE=C
LC_CTYPE=UTF-8
LC_MESSAGES=C
LC_MONETARY=C
LC_NUMERIC=C
LC_TIME=C

Signal Handlers:
   SIGSEGV: crash_handler in libjvm.dylib, mask=11100110000111110111111111111111, flags=SA_ONSTACK|SA_RESTART|SA_SIGINFO, unblocked
    SIGBUS: crash_handler in libjvm.dylib, mask=11100110000111110111111111111111, flags=SA_RESTART|SA_SIGINFO, unblocked
    SIGFPE: crash_handler in libjvm.dylib, mask=11100110000111110111111111111111, flags=SA_RESTART|SA_SIGINFO, unblocked
   SIGPIPE: javaSignalHandler in libjvm.dylib, mask=11100110000111110111111111111111, flags=SA_RESTART|SA_SIGINFO, blocked
   SIGXFSZ: javaSignalHandler in libjvm.dylib, mask=11100110000111110111111111111111, flags=SA_RESTART|SA_SIGINFO, blocked
    SIGILL: crash_handler in libjvm.dylib, mask=11100110000111110111111111111111, flags=SA_RESTART|SA_SIGINFO, unblocked
   SIGUSR2: SR_handler in libjvm.dylib, mask=00000000000000000000000000000000, flags=SA_RESTART|SA_SIGINFO, blocked
    SIGHUP: UserHandler in libjvm.dylib, mask=11100110000111110111111111111111, flags=SA_RESTART|SA_SIGINFO, blocked
    SIGINT: SIG_IGN, mask=00000000000000000000000000000000, flags=none, blocked
   SIGTERM: UserHandler in libjvm.dylib, mask=11100110000111110111111111111111, flags=SA_RESTART|SA_SIGINFO, blocked
   SIGQUIT: UserHandler in libjvm.dylib, mask=11100110000111110111111111111111, flags=SA_RESTART|SA_SIGINFO, blocked
   SIGTRAP: crash_handler in libjvm.dylib, mask=11100110000111110111111111111111, flags=SA_RESTART|SA_SIGINFO, unblocked


Periodic native trim disabled

---------------  S Y S T E M  ---------------

OS:
uname: Darwin 21.6.0 Darwin Kernel Version 21.6.0: Mon Feb 19 20:24:34 PST 2024; root:xnu-8020.240.18.707.4~1/RELEASE_X86_64 x86_64
OS uptime: 8 days 21:39 hours
rlimit (soft/hard): STACK 8192k/65532k , CORE 0k/infinity , NPROC 1392/2088 , NOFILE 10240/infinity , AS infinity/infinity , CPU infinity/infinity , DATA infinity/infinity , FSIZE infinity/infinity , MEMLOCK infinity/infinity , RSS infinity/infinity
load average: 4.10 6.24 6.39

CPU: total 4 (initial active 4) (2 cores per cpu, 2 threads per core) family 6 model 61 stepping 4 microcode 0x2f, cx8, cmov, fxsr, ht, mmx, 3dnowpref, sse, sse2, sse3, ssse3, sse4.1, sse4.2, popcnt, lzcnt, tsc, tscinvbit, avx, avx2, aes, erms, clmul, bmi1, bmi2, adx, fma, vzeroupper, clflush, rdtscp, f16c
machdep.cpu.brand_string:Intel(R) Core(TM) i5-5257U CPU @ 2.70GHz
hw.cpufrequency:2700000000
hw.cpufrequency_min:2700000000
hw.cpufrequency_max:2700000000
hw.cachelinesize:64
hw.l1icachesize:32768
hw.l1dcachesize:32768
hw.l2cachesize:262144
hw.l3cachesize:3145728

Memory: 4k page, physical 8388608k(106140k free), swap 3145728k(1537792k free)

vm_info: Java HotSpot(TM) 64-Bit Server VM (22+36-2370) for bsd-amd64 JRE (22+36-2370), built on 2024-02-15T22:15:19Z by "mach5one" with clang Apple LLVM 14.0.3 (clang-1403.0.22.14.1)

END.
